# JRE version: Java(TM) SE Runtime Environment (8.0_151-b12) (build 1.8.0_151-b12)
# Java VM: Java HotSpot(TM) 64-Bit Server VM (25.151-b12 mixed mode windows-amd64 compressed oops)
Heap:
 PSYoungGen      total 402944K, used 223891K [0x00000000d5d00000, 0x00000000f4d00000, 0x0000000100000000)
  eden space 388608K, 53% used [0x00000000d5d00000,0x00000000e29a7f98,0x00000000ed880000)
  from space 14336K, 99% used [0x00000000ed880000,0x00000000ee67cdf0,0x00000000ee680000)
  to   space 18432K, 0% used [0x00000000f3b00000,0x00000000f3b00000,0x00000000f4d00000)
 ParOldGen       total 164352K, used 62064K [0x0000000081600000, 0x000000008b680000, 0x00000000d5d00000)
  object space 164352K, 37% used [0x0000000081600000,0x000000008529c018,0x000000008b680000)
 Metaspace       used 57364K, capacity 65630K, committed 65712K, reserved 1105920K
  class space    used 6945K, capacity 9331K, committed 9392K, reserved 1048576K
GC Heap History (10 events):
Event: 7.447 GC heap before
{Heap before GC invocations=12 (full 2):
 PSYoungGen      total 271872K, used 266424K [0x00000000d5d00000, 0x00000000ea180000, 0x0000000100000000)
  eden space 260608K, 100% used [0x00000000d5d00000,0x00000000e5b80000,0x00000000e5b80000)
  from space 11264K, 51% used [0x00000000e5b80000,0x00000000e612e288,0x00000000e6680000)
  to   space 11264K, 0% used [0x00000000e9680000,0x00000000e9680000,0x00000000ea180000)
 ParOldGen       total 135168K, used 44871K [0x0000000081600000, 0x0000000089a00000, 0x00000000d5d00000)
  object space 135168K, 33% used [0x0000000081600000,0x00000000841d1de0,0x0000000089a00000)
 Metaspace       used 35418K, capacity 38891K, committed 39088K, reserved 1083392K
  class space    used 3895K, capacity 4959K, committed 5040K, reserved 1048576K
Event: 7.467 GC heap after
Heap after GC invocations=12 (full 2):
 PSYoungGen      total 320000K, used 10942K [0x00000000d5d00000, 0x00000000eb880000, 0x0000000100000000)
  eden space 308736K, 0% used [0x00000000d5d00000,0x00000000d5d00000,0x00000000e8a80000)
  from space 11264K, 97% used [0x00000000e9680000,0x00000000ea12fbd0,0x00000000ea180000)
  to   space 12288K, 0% used [0x00000000e8a80000,0x00000000e8a80000,0x00000000e9680000)
 ParOldGen       total 135168K, used 44871K [0x0000000081600000, 0x0000000089a00000, 0x00000000d5d00000)
  object space 135168K, 33% used [0x0000000081600000,0x00000000841d1de0,0x0000000089a00000)
 Metaspace       used 35418K, capacity 38891K, committed 39088K, reserved 1083392K
  class space    used 3895K, capacity 4959K, committed 5040K, reserved 1048576K
}
Event: 8.404 GC heap before
{Heap before GC invocations=13 (full 2):
 PSYoungGen      total 320000K, used 167747K [0x00000000d5d00000, 0x00000000eb880000, 0x0000000100000000)
  eden space 308736K, 50% used [0x00000000d5d00000,0x00000000df621210,0x00000000e8a80000)
  from space 11264K, 97% used [0x00000000e9680000,0x00000000ea12fbd0,0x00000000ea180000)
  to   space 12288K, 0% used [0x00000000e8a80000,0x00000000e8a80000,0x00000000e9680000)
 ParOldGen       total 135168K, used 44871K [0x0000000081600000, 0x0000000089a00000, 0x00000000d5d00000)
  object space 135168K, 33% used [0x0000000081600000,0x00000000841d1de0,0x0000000089a00000)
 Metaspace       used 40154K, capacity 44609K, committed 44668K, reserved 1087488K
  class space    used 4518K, capacity 5901K, committed 5936K, reserved 1048576K
Event: 8.436 GC heap after
Heap after GC invocations=13 (full 2):
 PSYoungGen      total 321024K, used 12262K [0x00000000d5d00000, 0x00000000ef800000, 0x0000000100000000)
  eden space 308736K, 0% used [0x00000000d5d00000,0x00000000d5d00000,0x00000000e8a80000)
  from space 12288K, 99% used [0x00000000e8a80000,0x00000000e9679820,0x00000000e9680000)
  to   space 13824K, 0% used [0x00000000eea80000,0x00000000eea80000,0x00000000ef800000)
 ParOldGen       total 135168K, used 45905K [0x0000000081600000, 0x0000000089a00000, 0x00000000d5d00000)
  object space 135168K, 33% used [0x0000000081600000,0x00000000842d47d0,0x0000000089a00000)
 Metaspace       used 40154K, capacity 44609K, committed 44668K, reserved 1087488K
  class space    used 4518K, capacity 5901K, committed 5936K, reserved 1048576K
}
Event: 8.436 GC heap before
{Heap before GC invocations=14 (full 3):
 PSYoungGen      total 321024K, used 12262K [0x00000000d5d00000, 0x00000000ef800000, 0x0000000100000000)
  eden space 308736K, 0% used [0x00000000d5d00000,0x00000000d5d00000,0x00000000e8a80000)
  from space 12288K, 99% used [0x00000000e8a80000,0x00000000e9679820,0x00000000e9680000)
  to   space 13824K, 0% used [0x00000000eea80000,0x00000000eea80000,0x00000000ef800000)
 ParOldGen       total 135168K, used 45905K [0x0000000081600000, 0x0000000089a00000, 0x00000000d5d00000)
  object space 135168K, 33% used [0x0000000081600000,0x00000000842d47d0,0x0000000089a00000)
 Metaspace       used 40154K, capacity 44609K, committed 44668K, reserved 1087488K
  class space    used 4518K, capacity 5901K, committed 5936K, reserved 1048576K
Event: 8.608 GC heap after
Heap after GC invocations=14 (full 3):
 PSYoungGen      total 321024K, used 0K [0x00000000d5d00000, 0x00000000ef800000, 0x0000000100000000)
  eden space 308736K, 0% used [0x00000000d5d00000,0x00000000d5d00000,0x00000000e8a80000)
  from space 12288K, 0% used [0x00000000e8a80000,0x00000000e8a80000,0x00000000e9680000)
  to   space 13824K, 0% used [0x00000000eea80000,0x00000000eea80000,0x00000000ef800000)
 ParOldGen       total 164352K, used 55392K [0x0000000081600000, 0x000000008b680000, 0x00000000d5d00000)
  object space 164352K, 33% used [0x0000000081600000,0x0000000084c183b8,0x000000008b680000)
 Metaspace       used 40154K, capacity 44609K, committed 44668K, reserved 1087488K
  class space    used 4518K, capacity 5901K, committed 5936K, reserved 1048576K
}
Event: 10.165 GC heap before
{Heap before GC invocations=15 (full 3):
 PSYoungGen      total 321024K, used 308736K [0x00000000d5d00000, 0x00000000ef800000, 0x0000000100000000)
  eden space 308736K, 100% used [0x00000000d5d00000,0x00000000e8a80000,0x00000000e8a80000)
  from space 12288K, 0% used [0x00000000e8a80000,0x00000000e8a80000,0x00000000e9680000)
  to   space 13824K, 0% used [0x00000000eea80000,0x00000000eea80000,0x00000000ef800000)
 ParOldGen       total 164352K, used 55392K [0x0000000081600000, 0x000000008b680000, 0x00000000d5d00000)
  object space 164352K, 33% used [0x0000000081600000,0x0000000084c183b8,0x000000008b680000)
 Metaspace       used 47138K, capacity 52864K, committed 53040K, reserved 1095680K
  class space    used 5624K, capacity 7383K, committed 7472K, reserved 1048576K
Event: 10.207 GC heap after
Heap after GC invocations=15 (full 3):
 PSYoungGen      total 394752K, used 9901K [0x00000000d5d00000, 0x00000000ef480000, 0x0000000100000000)
  eden space 384512K, 0% used [0x00000000d5d00000,0x00000000d5d00000,0x00000000ed480000)
  from space 10240K, 96% used [0x00000000eea80000,0x00000000ef42b4a8,0x00000000ef480000)
  to   space 14336K, 0% used [0x00000000ed880000,0x00000000ed880000,0x00000000ee680000)
 ParOldGen       total 164352K, used 55392K [0x0000000081600000, 0x000000008b680000, 0x00000000d5d00000)
  object space 164352K, 33% used [0x0000000081600000,0x0000000084c183b8,0x000000008b680000)
 Metaspace       used 47138K, capacity 52864K, committed 53040K, reserved 1095680K
  class space    used 5624K, capacity 7383K, committed 7472K, reserved 1048576K
}
Event: 12.595 GC heap before
{Heap before GC invocations=16 (full 3):
 PSYoungGen      total 394752K, used 394413K [0x00000000d5d00000, 0x00000000ef480000, 0x0000000100000000)
  eden space 384512K, 100% used [0x00000000d5d00000,0x00000000ed480000,0x00000000ed480000)
  from space 10240K, 96% used [0x00000000eea80000,0x00000000ef42b4a8,0x00000000ef480000)
  to   space 14336K, 0% used [0x00000000ed880000,0x00000000ed880000,0x00000000ee680000)
 ParOldGen       total 164352K, used 55392K [0x0000000081600000, 0x000000008b680000, 0x00000000d5d00000)
  object space 164352K, 33% used [0x0000000081600000,0x0000000084c183b8,0x000000008b680000)
 Metaspace       used 56650K, capacity 64426K, committed 64560K, reserved 1103872K
  class space    used 6889K, capacity 9208K, committed 9264K, reserved 1048576K
Event: 12.630 GC heap after
Heap after GC invocations=16 (full 3):
 PSYoungGen      total 402944K, used 14323K [0x00000000d5d00000, 0x00000000f4d00000, 0x0000000100000000)
  eden space 388608K, 0% used [0x00000000d5d00000,0x00000000d5d00000,0x00000000ed880000)
  from space 14336K, 99% used [0x00000000ed880000,0x00000000ee67cdf0,0x00000000ee680000)
  to   space 18432K, 0% used [0x00000000f3b00000,0x00000000f3b00000,0x00000000f4d00000)
 ParOldGen       total 164352K, used 62064K [0x0000000081600000, 0x000000008b680000, 0x00000000d5d00000)
  object space 164352K, 37% used [0x0000000081600000,0x000000008529c018,0x000000008b680000)
 Metaspace       used 56650K, capacity 64426K, committed 64560K, reserved 1103872K
  class space    used 6889K, capacity 9208K, committed 9264K, reserved 1048576K
}

