# JRE version: Java(TM) SE Runtime Environment (8.0_151-b12) (build 1.8.0_151-b12)
# Java VM: Java HotSpot(TM) 64-Bit Server VM (25.151-b12 mixed mode windows-amd64 compressed oops)
Heap:
 PSYoungGen      total 331264K, used 254746K [0x00000000d5d00000, 0x00000000ec500000, 0x0000000100000000)
  eden space 318464K, 75% used [0x00000000d5d00000,0x00000000e494a510,0x00000000e9400000)
  from space 12800K, 99% used [0x00000000ea480000,0x00000000eb0fc450,0x00000000eb100000)
  to   space 16896K, 0% used [0x00000000e9400000,0x00000000e9400000,0x00000000ea480000)
 ParOldGen       total 175104K, used 65330K [0x0000000081600000, 0x000000008c100000, 0x00000000d5d00000)
  object space 175104K, 37% used [0x0000000081600000,0x00000000855cc8d8,0x000000008c100000)
 Metaspace       used 57696K, capacity 66263K, committed 66520K, reserved 1105920K
  class space    used 6948K, capacity 9396K, committed 9432K, reserved 1048576K
GC Heap History (10 events):
Event: 6.946 GC heap before
{Heap before GC invocations=15 (full 2):
 PSYoungGen      total 233472K, used 164552K [0x00000000d5d00000, 0x00000000e5b80000, 0x0000000100000000)
  eden space 224256K, 70% used [0x00000000d5d00000,0x00000000df864ba0,0x00000000e3800000)
  from space 9216K, 58% used [0x00000000e4100000,0x00000000e464d768,0x00000000e4a00000)
  to   space 9216K, 0% used [0x00000000e3800000,0x00000000e3800000,0x00000000e4100000)
 ParOldGen       total 145408K, used 51131K [0x0000000081600000, 0x000000008a400000, 0x00000000d5d00000)
  object space 145408K, 35% used [0x0000000081600000,0x00000000847eed88,0x000000008a400000)
 Metaspace       used 39407K, capacity 43608K, committed 43736K, reserved 1087488K
  class space    used 4424K, capacity 5771K, committed 5848K, reserved 1048576K
Event: 6.960 GC heap after
Heap after GC invocations=15 (full 2):
 PSYoungGen      total 233472K, used 8752K [0x00000000d5d00000, 0x00000000e8500000, 0x0000000100000000)
  eden space 224256K, 0% used [0x00000000d5d00000,0x00000000d5d00000,0x00000000e3800000)
  from space 9216K, 94% used [0x00000000e3800000,0x00000000e408c2e0,0x00000000e4100000)
  to   space 9728K, 0% used [0x00000000e7b80000,0x00000000e7b80000,0x00000000e8500000)
 ParOldGen       total 145408K, used 51139K [0x0000000081600000, 0x000000008a400000, 0x00000000d5d00000)
  object space 145408K, 35% used [0x0000000081600000,0x00000000847f0d88,0x000000008a400000)
 Metaspace       used 39407K, capacity 43608K, committed 43736K, reserved 1087488K
  class space    used 4424K, capacity 5771K, committed 5848K, reserved 1048576K
}
Event: 6.960 GC heap before
{Heap before GC invocations=16 (full 3):
 PSYoungGen      total 233472K, used 8752K [0x00000000d5d00000, 0x00000000e8500000, 0x0000000100000000)
  eden space 224256K, 0% used [0x00000000d5d00000,0x00000000d5d00000,0x00000000e3800000)
  from space 9216K, 94% used [0x00000000e3800000,0x00000000e408c2e0,0x00000000e4100000)
  to   space 9728K, 0% used [0x00000000e7b80000,0x00000000e7b80000,0x00000000e8500000)
 ParOldGen       total 145408K, used 51139K [0x0000000081600000, 0x000000008a400000, 0x00000000d5d00000)
  object space 145408K, 35% used [0x0000000081600000,0x00000000847f0d88,0x000000008a400000)
 Metaspace       used 39407K, capacity 43608K, committed 43736K, reserved 1087488K
  class space    used 4424K, capacity 5771K, committed 5848K, reserved 1048576K
Event: 7.127 GC heap after
Heap after GC invocations=16 (full 3):
 PSYoungGen      total 233472K, used 0K [0x00000000d5d00000, 0x00000000e8500000, 0x0000000100000000)
  eden space 224256K, 0% used [0x00000000d5d00000,0x00000000d5d00000,0x00000000e3800000)
  from space 9216K, 0% used [0x00000000e3800000,0x00000000e3800000,0x00000000e4100000)
  to   space 9728K, 0% used [0x00000000e7b80000,0x00000000e7b80000,0x00000000e8500000)
 ParOldGen       total 175104K, used 54850K [0x0000000081600000, 0x000000008c100000, 0x00000000d5d00000)
  object space 175104K, 31% used [0x0000000081600000,0x0000000084b90870,0x000000008c100000)
 Metaspace       used 39407K, capacity 43608K, committed 43736K, reserved 1087488K
  class space    used 4424K, capacity 5771K, committed 5848K, reserved 1048576K
}
Event: 7.992 GC heap before
{Heap before GC invocations=17 (full 3):
 PSYoungGen      total 233472K, used 224256K [0x00000000d5d00000, 0x00000000e8500000, 0x0000000100000000)
  eden space 224256K, 100% used [0x00000000d5d00000,0x00000000e3800000,0x00000000e3800000)
  from space 9216K, 0% used [0x00000000e3800000,0x00000000e3800000,0x00000000e4100000)
  to   space 9728K, 0% used [0x00000000e7b80000,0x00000000e7b80000,0x00000000e8500000)
 ParOldGen       total 175104K, used 54850K [0x0000000081600000, 0x000000008c100000, 0x00000000d5d00000)
  object space 175104K, 31% used [0x0000000081600000,0x0000000084b90870,0x000000008c100000)
 Metaspace       used 45063K, capacity 50391K, committed 50648K, reserved 1093632K
  class space    used 5410K, capacity 7049K, committed 7128K, reserved 1048576K
Event: 8.003 GC heap after
Heap after GC invocations=17 (full 3):
 PSYoungGen      total 280576K, used 8707K [0x00000000d5d00000, 0x00000000e8480000, 0x0000000100000000)
  eden space 271360K, 0% used [0x00000000d5d00000,0x00000000d5d00000,0x00000000e6600000)
  from space 9216K, 94% used [0x00000000e7b80000,0x00000000e8400ca0,0x00000000e8480000)
  to   space 10752K, 0% used [0x00000000e6f80000,0x00000000e6f80000,0x00000000e7a00000)
 ParOldGen       total 175104K, used 54850K [0x0000000081600000, 0x000000008c100000, 0x00000000d5d00000)
  object space 175104K, 31% used [0x0000000081600000,0x0000000084b90870,0x000000008c100000)
 Metaspace       used 45063K, capacity 50391K, committed 50648K, reserved 1093632K
  class space    used 5410K, capacity 7049K, committed 7128K, reserved 1048576K
}
Event: 9.912 GC heap before
{Heap before GC invocations=18 (full 3):
 PSYoungGen      total 280576K, used 280067K [0x00000000d5d00000, 0x00000000e8480000, 0x0000000100000000)
  eden space 271360K, 100% used [0x00000000d5d00000,0x00000000e6600000,0x00000000e6600000)
  from space 9216K, 94% used [0x00000000e7b80000,0x00000000e8400ca0,0x00000000e8480000)
  to   space 10752K, 0% used [0x00000000e6f80000,0x00000000e6f80000,0x00000000e7a00000)
 ParOldGen       total 175104K, used 54850K [0x0000000081600000, 0x000000008c100000, 0x00000000d5d00000)
  object space 175104K, 31% used [0x0000000081600000,0x0000000084b90870,0x000000008c100000)
 Metaspace       used 51696K, capacity 57873K, committed 57944K, reserved 1099776K
  class space    used 6092K, capacity 7988K, committed 8024K, reserved 1048576K
Event: 9.933 GC heap after
Heap after GC invocations=18 (full 3):
 PSYoungGen      total 291840K, used 10740K [0x00000000d5d00000, 0x00000000eb100000, 0x0000000100000000)
  eden space 281088K, 0% used [0x00000000d5d00000,0x00000000d5d00000,0x00000000e6f80000)
  from space 10752K, 99% used [0x00000000e6f80000,0x00000000e79fd030,0x00000000e7a00000)
  to   space 12800K, 0% used [0x00000000ea480000,0x00000000ea480000,0x00000000eb100000)
 ParOldGen       total 175104K, used 57816K [0x0000000081600000, 0x000000008c100000, 0x00000000d5d00000)
  object space 175104K, 33% used [0x0000000081600000,0x0000000084e76220,0x000000008c100000)
 Metaspace       used 51696K, capacity 57873K, committed 57944K, reserved 1099776K
  class space    used 6092K, capacity 7988K, committed 8024K, reserved 1048576K
}
Event: 11.305 GC heap before
{Heap before GC invocations=19 (full 3):
 PSYoungGen      total 291840K, used 291828K [0x00000000d5d00000, 0x00000000eb100000, 0x0000000100000000)
  eden space 281088K, 100% used [0x00000000d5d00000,0x00000000e6f80000,0x00000000e6f80000)
  from space 10752K, 99% used [0x00000000e6f80000,0x00000000e79fd030,0x00000000e7a00000)
  to   space 12800K, 0% used [0x00000000ea480000,0x00000000ea480000,0x00000000eb100000)
 ParOldGen       total 175104K, used 57816K [0x0000000081600000, 0x000000008c100000, 0x00000000d5d00000)
  object space 175104K, 33% used [0x0000000081600000,0x0000000084e76220,0x000000008c100000)
 Metaspace       used 57130K, capacity 65209K, committed 65368K, reserved 1105920K
  class space    used 6895K, capacity 9273K, committed 9304K, reserved 1048576K
Event: 11.336 GC heap after
Heap after GC invocations=19 (full 3):
 PSYoungGen      total 331264K, used 12785K [0x00000000d5d00000, 0x00000000ec500000, 0x0000000100000000)
  eden space 318464K, 0% used [0x00000000d5d00000,0x00000000d5d00000,0x00000000e9400000)
  from space 12800K, 99% used [0x00000000ea480000,0x00000000eb0fc450,0x00000000eb100000)
  to   space 16896K, 0% used [0x00000000e9400000,0x00000000e9400000,0x00000000ea480000)
 ParOldGen       total 175104K, used 65330K [0x0000000081600000, 0x000000008c100000, 0x00000000d5d00000)
  object space 175104K, 37% used [0x0000000081600000,0x00000000855cc8d8,0x000000008c100000)
 Metaspace       used 57130K, capacity 65209K, committed 65368K, reserved 1105920K
  class space    used 6895K, capacity 9273K, committed 9304K, reserved 1048576K
}

