# JRE version: Java(TM) SE Runtime Environment (8.0_151-b12) (build 1.8.0_151-b12)
# Java VM: Java HotSpot(TM) 64-Bit Server VM (25.151-b12 mixed mode windows-amd64 compressed oops)
Heap:
 PSYoungGen      total 305664K, used 241750K [0x00000000d5d00000, 0x00000000e9a80000, 0x0000000100000000)
  eden space 297984K, 78% used [0x00000000d5d00000,0x00000000e41db950,0x00000000e8000000)
  from space 7680K, 96% used [0x00000000e9300000,0x00000000e9a3a220,0x00000000e9a80000)
  to   space 11776K, 0% used [0x00000000e8380000,0x00000000e8380000,0x00000000e8f00000)
 ParOldGen       total 198656K, used 73420K [0x0000000081600000, 0x000000008d800000, 0x00000000d5d00000)
  object space 198656K, 36% used [0x0000000081600000,0x0000000085db3110,0x000000008d800000)
 Metaspace       used 57277K, capacity 65654K, committed 66000K, reserved 1105920K
  class space    used 6924K, capacity 9329K, committed 9424K, reserved 1048576K
GC Heap History (10 events):
Event: 29.327 GC heap before
{Heap before GC invocations=20 (full 3):
 PSYoungGen      total 224768K, used 224379K [0x00000000d5d00000, 0x00000000e4900000, 0x0000000100000000)
  eden space 217088K, 100% used [0x00000000d5d00000,0x00000000e3100000,0x00000000e3100000)
  from space 7680K, 94% used [0x00000000e4180000,0x00000000e489ef38,0x00000000e4900000)
  to   space 8704K, 0% used [0x00000000e3800000,0x00000000e3800000,0x00000000e4080000)
 ParOldGen       total 156160K, used 51168K [0x0000000081600000, 0x000000008ae80000, 0x00000000d5d00000)
  object space 156160K, 32% used [0x0000000081600000,0x00000000847f8020,0x000000008ae80000)
 Metaspace       used 45642K, capacity 51046K, committed 51152K, reserved 1093632K
  class space    used 5463K, capacity 7102K, committed 7120K, reserved 1048576K
Event: 29.343 GC heap after
Heap after GC invocations=20 (full 3):
 PSYoungGen      total 232960K, used 8688K [0x00000000d5d00000, 0x00000000e6b80000, 0x0000000100000000)
  eden space 224256K, 0% used [0x00000000d5d00000,0x00000000d5d00000,0x00000000e3800000)
  from space 8704K, 99% used [0x00000000e3800000,0x00000000e407c070,0x00000000e4080000)
  to   space 11264K, 0% used [0x00000000e6080000,0x00000000e6080000,0x00000000e6b80000)
 ParOldGen       total 156160K, used 55784K [0x0000000081600000, 0x000000008ae80000, 0x00000000d5d00000)
  object space 156160K, 35% used [0x0000000081600000,0x0000000084c7a020,0x000000008ae80000)
 Metaspace       used 45642K, capacity 51046K, committed 51152K, reserved 1093632K
  class space    used 5463K, capacity 7102K, committed 7120K, reserved 1048576K
}
Event: 31.787 GC heap before
{Heap before GC invocations=21 (full 3):
 PSYoungGen      total 232960K, used 232944K [0x00000000d5d00000, 0x00000000e6b80000, 0x0000000100000000)
  eden space 224256K, 100% used [0x00000000d5d00000,0x00000000e3800000,0x00000000e3800000)
  from space 8704K, 99% used [0x00000000e3800000,0x00000000e407c070,0x00000000e4080000)
  to   space 11264K, 0% used [0x00000000e6080000,0x00000000e6080000,0x00000000e6b80000)
 ParOldGen       total 156160K, used 55784K [0x0000000081600000, 0x000000008ae80000, 0x00000000d5d00000)
  object space 156160K, 35% used [0x0000000081600000,0x0000000084c7a020,0x000000008ae80000)
 Metaspace       used 51172K, capacity 57396K, committed 57680K, reserved 1099776K
  class space    used 6050K, capacity 7955K, committed 8016K, reserved 1048576K
Event: 31.841 GC heap after
Heap after GC invocations=21 (full 3):
 PSYoungGen      total 265728K, used 6586K [0x00000000d5d00000, 0x00000000e7b80000, 0x0000000100000000)
  eden space 254464K, 0% used [0x00000000d5d00000,0x00000000d5d00000,0x00000000e5580000)
  from space 11264K, 58% used [0x00000000e6080000,0x00000000e66ee8f8,0x00000000e6b80000)
  to   space 11264K, 0% used [0x00000000e5580000,0x00000000e5580000,0x00000000e6080000)
 ParOldGen       total 156160K, used 63991K [0x0000000081600000, 0x000000008ae80000, 0x00000000d5d00000)
  object space 156160K, 40% used [0x0000000081600000,0x000000008547dec8,0x000000008ae80000)
 Metaspace       used 51172K, capacity 57396K, committed 57680K, reserved 1099776K
  class space    used 6050K, capacity 7955K, committed 8016K, reserved 1048576K
}
Event: 34.533 GC heap before
{Heap before GC invocations=22 (full 3):
 PSYoungGen      total 265728K, used 186849K [0x00000000d5d00000, 0x00000000e7b80000, 0x0000000100000000)
  eden space 254464K, 70% used [0x00000000d5d00000,0x00000000e0d09b60,0x00000000e5580000)
  from space 11264K, 58% used [0x00000000e6080000,0x00000000e66ee8f8,0x00000000e6b80000)
  to   space 11264K, 0% used [0x00000000e5580000,0x00000000e5580000,0x00000000e6080000)
 ParOldGen       total 156160K, used 63991K [0x0000000081600000, 0x000000008ae80000, 0x00000000d5d00000)
  object space 156160K, 40% used [0x0000000081600000,0x000000008547dec8,0x000000008ae80000)
 Metaspace       used 56464K, capacity 64078K, committed 64136K, reserved 1103872K
  class space    used 6852K, capacity 9157K, committed 9168K, reserved 1048576K
Event: 34.556 GC heap after
Heap after GC invocations=22 (full 3):
 PSYoungGen      total 265728K, used 8408K [0x00000000d5d00000, 0x00000000e9e80000, 0x0000000100000000)
  eden space 254464K, 0% used [0x00000000d5d00000,0x00000000d5d00000,0x00000000e5580000)
  from space 11264K, 74% used [0x00000000e5580000,0x00000000e5db6208,0x00000000e6080000)
  to   space 11776K, 0% used [0x00000000e9300000,0x00000000e9300000,0x00000000e9e80000)
 ParOldGen       total 156160K, used 68245K [0x0000000081600000, 0x000000008ae80000, 0x00000000d5d00000)
  object space 156160K, 43% used [0x0000000081600000,0x00000000858a5598,0x000000008ae80000)
 Metaspace       used 56464K, capacity 64078K, committed 64136K, reserved 1103872K
  class space    used 6852K, capacity 9157K, committed 9168K, reserved 1048576K
}
Event: 34.556 GC heap before
{Heap before GC invocations=23 (full 4):
 PSYoungGen      total 265728K, used 8408K [0x00000000d5d00000, 0x00000000e9e80000, 0x0000000100000000)
  eden space 254464K, 0% used [0x00000000d5d00000,0x00000000d5d00000,0x00000000e5580000)
  from space 11264K, 74% used [0x00000000e5580000,0x00000000e5db6208,0x00000000e6080000)
  to   space 11776K, 0% used [0x00000000e9300000,0x00000000e9300000,0x00000000e9e80000)
 ParOldGen       total 156160K, used 68245K [0x0000000081600000, 0x000000008ae80000, 0x00000000d5d00000)
  object space 156160K, 43% used [0x0000000081600000,0x00000000858a5598,0x000000008ae80000)
 Metaspace       used 56464K, capacity 64078K, committed 64136K, reserved 1103872K
  class space    used 6852K, capacity 9157K, committed 9168K, reserved 1048576K
Event: 34.788 GC heap after
Heap after GC invocations=23 (full 4):
 PSYoungGen      total 265728K, used 0K [0x00000000d5d00000, 0x00000000e9e80000, 0x0000000100000000)
  eden space 254464K, 0% used [0x00000000d5d00000,0x00000000d5d00000,0x00000000e5580000)
  from space 11264K, 0% used [0x00000000e5580000,0x00000000e5580000,0x00000000e6080000)
  to   space 11776K, 0% used [0x00000000e9300000,0x00000000e9300000,0x00000000e9e80000)
 ParOldGen       total 198656K, used 73412K [0x0000000081600000, 0x000000008d800000, 0x00000000d5d00000)
  object space 198656K, 36% used [0x0000000081600000,0x0000000085db1110,0x000000008d800000)
 Metaspace       used 55923K, capacity 63290K, committed 64136K, reserved 1103872K
  class space    used 6822K, capacity 9054K, committed 9168K, reserved 1048576K
}
Event: 35.707 GC heap before
{Heap before GC invocations=24 (full 4):
 PSYoungGen      total 265728K, used 254464K [0x00000000d5d00000, 0x00000000e9e80000, 0x0000000100000000)
  eden space 254464K, 100% used [0x00000000d5d00000,0x00000000e5580000,0x00000000e5580000)
  from space 11264K, 0% used [0x00000000e5580000,0x00000000e5580000,0x00000000e6080000)
  to   space 11776K, 0% used [0x00000000e9300000,0x00000000e9300000,0x00000000e9e80000)
 ParOldGen       total 198656K, used 73412K [0x0000000081600000, 0x000000008d800000, 0x00000000d5d00000)
  object space 198656K, 36% used [0x0000000081600000,0x0000000085db1110,0x000000008d800000)
 Metaspace       used 56920K, capacity 65106K, committed 65360K, reserved 1105920K
  class space    used 6900K, capacity 9275K, committed 9296K, reserved 1048576K
Event: 35.716 GC heap after
Heap after GC invocations=24 (full 4):
 PSYoungGen      total 305664K, used 7400K [0x00000000d5d00000, 0x00000000e9a80000, 0x0000000100000000)
  eden space 297984K, 0% used [0x00000000d5d00000,0x00000000d5d00000,0x00000000e8000000)
  from space 7680K, 96% used [0x00000000e9300000,0x00000000e9a3a220,0x00000000e9a80000)
  to   space 11776K, 0% used [0x00000000e8380000,0x00000000e8380000,0x00000000e8f00000)
 ParOldGen       total 198656K, used 73420K [0x0000000081600000, 0x000000008d800000, 0x00000000d5d00000)
  object space 198656K, 36% used [0x0000000081600000,0x0000000085db3110,0x000000008d800000)
 Metaspace       used 56920K, capacity 65106K, committed 65360K, reserved 1105920K
  class space    used 6900K, capacity 9275K, committed 9296K, reserved 1048576K
}

