# JRE version: Java(TM) SE Runtime Environment (8.0_151-b12) (build 1.8.0_151-b12)
# Java VM: Java HotSpot(TM) 64-Bit Server VM (25.151-b12 mixed mode windows-amd64 compressed oops)
Heap:
 PSYoungGen      total 452096K, used 125389K [0x00000000d5d00000, 0x00000000f3900000, 0x0000000100000000)
  eden space 435200K, 26% used [0x00000000d5d00000,0x00000000dcc401c8,0x00000000f0600000)
  from space 16896K, 67% used [0x00000000f1700000,0x00000000f2233390,0x00000000f2780000)
  to   space 17408K, 0% used [0x00000000f0600000,0x00000000f0600000,0x00000000f1700000)
 ParOldGen       total 179712K, used 75408K [0x0000000081600000, 0x000000008c580000, 0x00000000d5d00000)
  object space 179712K, 41% used [0x0000000081600000,0x0000000085fa43d0,0x000000008c580000)
 Metaspace       used 57734K, capacity 66316K, committed 66520K, reserved 1105920K
  class space    used 6954K, capacity 9399K, committed 9432K, reserved 1048576K
GC Heap History (10 events):
Event: 7.429 GC heap before
{Heap before GC invocations=13 (full 2):
 PSYoungGen      total 304128K, used 171191K [0x00000000d5d00000, 0x00000000eba80000, 0x0000000100000000)
  eden space 295936K, 55% used [0x00000000d5d00000,0x00000000dfc33e30,0x00000000e7e00000)
  from space 8192K, 99% used [0x00000000e8780000,0x00000000e8f7a030,0x00000000e8f80000)
  to   space 9728K, 0% used [0x00000000e7e00000,0x00000000e7e00000,0x00000000e8780000)
 ParOldGen       total 149504K, used 45800K [0x0000000081600000, 0x000000008a800000, 0x00000000d5d00000)
  object space 149504K, 30% used [0x0000000081600000,0x00000000842ba308,0x000000008a800000)
 Metaspace       used 39398K, capacity 43603K, committed 43736K, reserved 1087488K
  class space    used 4430K, capacity 5770K, committed 5848K, reserved 1048576K
Event: 7.447 GC heap after
Heap after GC invocations=13 (full 2):
 PSYoungGen      total 305664K, used 9727K [0x00000000d5d00000, 0x00000000ee500000, 0x0000000100000000)
  eden space 295936K, 0% used [0x00000000d5d00000,0x00000000d5d00000,0x00000000e7e00000)
  from space 9728K, 99% used [0x00000000e7e00000,0x00000000e877fe98,0x00000000e8780000)
  to   space 11776K, 0% used [0x00000000ed980000,0x00000000ed980000,0x00000000ee500000)
 ParOldGen       total 149504K, used 49545K [0x0000000081600000, 0x000000008a800000, 0x00000000d5d00000)
  object space 149504K, 33% used [0x0000000081600000,0x00000000846625b8,0x000000008a800000)
 Metaspace       used 39398K, capacity 43603K, committed 43736K, reserved 1087488K
  class space    used 4430K, capacity 5770K, committed 5848K, reserved 1048576K
}
Event: 7.447 GC heap before
{Heap before GC invocations=14 (full 3):
 PSYoungGen      total 305664K, used 9727K [0x00000000d5d00000, 0x00000000ee500000, 0x0000000100000000)
  eden space 295936K, 0% used [0x00000000d5d00000,0x00000000d5d00000,0x00000000e7e00000)
  from space 9728K, 99% used [0x00000000e7e00000,0x00000000e877fe98,0x00000000e8780000)
  to   space 11776K, 0% used [0x00000000ed980000,0x00000000ed980000,0x00000000ee500000)
 ParOldGen       total 149504K, used 49545K [0x0000000081600000, 0x000000008a800000, 0x00000000d5d00000)
  object space 149504K, 33% used [0x0000000081600000,0x00000000846625b8,0x000000008a800000)
 Metaspace       used 39398K, capacity 43603K, committed 43736K, reserved 1087488K
  class space    used 4430K, capacity 5770K, committed 5848K, reserved 1048576K
Event: 7.628 GC heap after
Heap after GC invocations=14 (full 3):
 PSYoungGen      total 305664K, used 0K [0x00000000d5d00000, 0x00000000ee500000, 0x0000000100000000)
  eden space 295936K, 0% used [0x00000000d5d00000,0x00000000d5d00000,0x00000000e7e00000)
  from space 9728K, 0% used [0x00000000e7e00000,0x00000000e7e00000,0x00000000e8780000)
  to   space 11776K, 0% used [0x00000000ed980000,0x00000000ed980000,0x00000000ee500000)
 ParOldGen       total 179712K, used 55002K [0x0000000081600000, 0x000000008c580000, 0x00000000d5d00000)
  object space 179712K, 30% used [0x0000000081600000,0x0000000084bb6b08,0x000000008c580000)
 Metaspace       used 39398K, capacity 43603K, committed 43736K, reserved 1087488K
  class space    used 4430K, capacity 5770K, committed 5848K, reserved 1048576K
}
Event: 8.809 GC heap before
{Heap before GC invocations=15 (full 3):
 PSYoungGen      total 305664K, used 295936K [0x00000000d5d00000, 0x00000000ee500000, 0x0000000100000000)
  eden space 295936K, 100% used [0x00000000d5d00000,0x00000000e7e00000,0x00000000e7e00000)
  from space 9728K, 0% used [0x00000000e7e00000,0x00000000e7e00000,0x00000000e8780000)
  to   space 11776K, 0% used [0x00000000ed980000,0x00000000ed980000,0x00000000ee500000)
 ParOldGen       total 179712K, used 55002K [0x0000000081600000, 0x000000008c580000, 0x00000000d5d00000)
  object space 179712K, 30% used [0x0000000081600000,0x0000000084bb6b08,0x000000008c580000)
 Metaspace       used 46719K, capacity 52332K, committed 52440K, reserved 1093632K
  class space    used 5574K, capacity 7297K, committed 7384K, reserved 1048576K
Event: 8.823 GC heap after
Heap after GC invocations=15 (full 3):
 PSYoungGen      total 369664K, used 10413K [0x00000000d5d00000, 0x00000000ee400000, 0x0000000100000000)
  eden space 358912K, 0% used [0x00000000d5d00000,0x00000000d5d00000,0x00000000ebb80000)
  from space 10752K, 96% used [0x00000000ed980000,0x00000000ee3ab708,0x00000000ee400000)
  to   space 12800K, 0% used [0x00000000ecb00000,0x00000000ecb00000,0x00000000ed780000)
 ParOldGen       total 179712K, used 55010K [0x0000000081600000, 0x000000008c580000, 0x00000000d5d00000)
  object space 179712K, 30% used [0x0000000081600000,0x0000000084bb8b08,0x000000008c580000)
 Metaspace       used 46719K, capacity 52332K, committed 52440K, reserved 1093632K
  class space    used 5574K, capacity 7297K, committed 7384K, reserved 1048576K
}
Event: 10.471 GC heap before
{Heap before GC invocations=16 (full 3):
 PSYoungGen      total 369664K, used 369325K [0x00000000d5d00000, 0x00000000ee400000, 0x0000000100000000)
  eden space 358912K, 100% used [0x00000000d5d00000,0x00000000ebb80000,0x00000000ebb80000)
  from space 10752K, 96% used [0x00000000ed980000,0x00000000ee3ab708,0x00000000ee400000)
  to   space 12800K, 0% used [0x00000000ecb00000,0x00000000ecb00000,0x00000000ed780000)
 ParOldGen       total 179712K, used 55010K [0x0000000081600000, 0x000000008c580000, 0x00000000d5d00000)
  object space 179712K, 30% used [0x0000000081600000,0x0000000084bb8b08,0x000000008c580000)
 Metaspace       used 56533K, capacity 64246K, committed 64600K, reserved 1103872K
  class space    used 6862K, capacity 9189K, committed 9304K, reserved 1048576K
Event: 10.511 GC heap after
Heap after GC invocations=16 (full 3):
 PSYoungGen      total 387584K, used 12788K [0x00000000d5d00000, 0x00000000f2780000, 0x0000000100000000)
  eden space 374784K, 0% used [0x00000000d5d00000,0x00000000d5d00000,0x00000000ecb00000)
  from space 12800K, 99% used [0x00000000ecb00000,0x00000000ed77d130,0x00000000ed780000)
  to   space 16896K, 0% used [0x00000000f1700000,0x00000000f1700000,0x00000000f2780000)
 ParOldGen       total 179712K, used 62907K [0x0000000081600000, 0x000000008c580000, 0x00000000d5d00000)
  object space 179712K, 35% used [0x0000000081600000,0x000000008536eda0,0x000000008c580000)
 Metaspace       used 56533K, capacity 64246K, committed 64600K, reserved 1103872K
  class space    used 6862K, capacity 9189K, committed 9304K, reserved 1048576K
}
Event: 11.647 GC heap before
{Heap before GC invocations=17 (full 3):
 PSYoungGen      total 387584K, used 387572K [0x00000000d5d00000, 0x00000000f2780000, 0x0000000100000000)
  eden space 374784K, 100% used [0x00000000d5d00000,0x00000000ecb00000,0x00000000ecb00000)
  from space 12800K, 99% used [0x00000000ecb00000,0x00000000ed77d130,0x00000000ed780000)
  to   space 16896K, 0% used [0x00000000f1700000,0x00000000f1700000,0x00000000f2780000)
 ParOldGen       total 179712K, used 62907K [0x0000000081600000, 0x000000008c580000, 0x00000000d5d00000)
  object space 179712K, 35% used [0x0000000081600000,0x000000008536eda0,0x000000008c580000)
 Metaspace       used 57511K, capacity 65944K, committed 66264K, reserved 1105920K
  class space    used 6939K, capacity 9359K, committed 9432K, reserved 1048576K
Event: 11.668 GC heap after
Heap after GC invocations=17 (full 3):
 PSYoungGen      total 452096K, used 11468K [0x00000000d5d00000, 0x00000000f3900000, 0x0000000100000000)
  eden space 435200K, 0% used [0x00000000d5d00000,0x00000000d5d00000,0x00000000f0600000)
  from space 16896K, 67% used [0x00000000f1700000,0x00000000f2233390,0x00000000f2780000)
  to   space 17408K, 0% used [0x00000000f0600000,0x00000000f0600000,0x00000000f1700000)
 ParOldGen       total 179712K, used 75408K [0x0000000081600000, 0x000000008c580000, 0x00000000d5d00000)
  object space 179712K, 41% used [0x0000000081600000,0x0000000085fa43d0,0x000000008c580000)
 Metaspace       used 57511K, capacity 65944K, committed 66264K, reserved 1105920K
  class space    used 6939K, capacity 9359K, committed 9432K, reserved 1048576K
}

