# JRE version: Java(TM) SE Runtime Environment (8.0_151-b12) (build 1.8.0_151-b12)
# Java VM: Java HotSpot(TM) 64-Bit Server VM (25.151-b12 mixed mode windows-amd64 compressed oops)
Heap:
 PSYoungGen      total 365056K, used 252475K [0x00000000d5d00000, 0x00000000f1480000, 0x0000000100000000)
  eden space 351232K, 67% used [0x00000000d5d00000,0x00000000e460eff0,0x00000000eb400000)
  from space 13824K, 99% used [0x00000000eb400000,0x00000000ec17fce0,0x00000000ec180000)
  to   space 16896K, 0% used [0x00000000f0400000,0x00000000f0400000,0x00000000f1480000)
 ParOldGen       total 187904K, used 60565K [0x0000000081600000, 0x000000008cd80000, 0x00000000d5d00000)
  object space 187904K, 32% used [0x0000000081600000,0x0000000085125618,0x000000008cd80000)
 Metaspace       used 57748K, capacity 65972K, committed 66304K, reserved 1105920K
  class space    used 6953K, capacity 9364K, committed 9472K, reserved 1048576K
GC Heap History (10 events):
Event: 6.942 GC heap before
{Heap before GC invocations=12 (full 2):
 PSYoungGen      total 273408K, used 268062K [0x00000000d5d00000, 0x00000000e8a80000, 0x0000000100000000)
  eden space 262144K, 100% used [0x00000000d5d00000,0x00000000e5d00000,0x00000000e5d00000)
  from space 11264K, 52% used [0x00000000e5d00000,0x00000000e62c7a18,0x00000000e6800000)
  to   space 11264K, 0% used [0x00000000e7f80000,0x00000000e7f80000,0x00000000e8a80000)
 ParOldGen       total 155648K, used 45239K [0x0000000081600000, 0x000000008ae00000, 0x00000000d5d00000)
  object space 155648K, 29% used [0x0000000081600000,0x000000008422deb0,0x000000008ae00000)
 Metaspace       used 35100K, capacity 38267K, committed 38400K, reserved 1083392K
  class space    used 3812K, capacity 4799K, committed 4864K, reserved 1048576K
Event: 6.955 GC heap after
Heap after GC invocations=12 (full 2):
 PSYoungGen      total 296960K, used 10121K [0x00000000d5d00000, 0x00000000eb380000, 0x0000000100000000)
  eden space 285696K, 0% used [0x00000000d5d00000,0x00000000d5d00000,0x00000000e7400000)
  from space 11264K, 89% used [0x00000000e7f80000,0x00000000e8962470,0x00000000e8a80000)
  to   space 11776K, 0% used [0x00000000e7400000,0x00000000e7400000,0x00000000e7f80000)
 ParOldGen       total 155648K, used 45247K [0x0000000081600000, 0x000000008ae00000, 0x00000000d5d00000)
  object space 155648K, 29% used [0x0000000081600000,0x000000008422feb0,0x000000008ae00000)
 Metaspace       used 35100K, capacity 38267K, committed 38400K, reserved 1083392K
  class space    used 3812K, capacity 4799K, committed 4864K, reserved 1048576K
}
Event: 7.846 GC heap before
{Heap before GC invocations=13 (full 2):
 PSYoungGen      total 296960K, used 188092K [0x00000000d5d00000, 0x00000000eb380000, 0x0000000100000000)
  eden space 285696K, 62% used [0x00000000d5d00000,0x00000000e0accbd8,0x00000000e7400000)
  from space 11264K, 89% used [0x00000000e7f80000,0x00000000e8962470,0x00000000e8a80000)
  to   space 11776K, 0% used [0x00000000e7400000,0x00000000e7400000,0x00000000e7f80000)
 ParOldGen       total 155648K, used 45247K [0x0000000081600000, 0x000000008ae00000, 0x00000000d5d00000)
  object space 155648K, 29% used [0x0000000081600000,0x000000008422feb0,0x000000008ae00000)
 Metaspace       used 40483K, capacity 44881K, committed 45016K, reserved 1089536K
  class space    used 4549K, capacity 5965K, committed 6016K, reserved 1048576K
Event: 7.867 GC heap after
Heap after GC invocations=13 (full 2):
 PSYoungGen      total 297472K, used 11751K [0x00000000d5d00000, 0x00000000ed300000, 0x0000000100000000)
  eden space 285696K, 0% used [0x00000000d5d00000,0x00000000d5d00000,0x00000000e7400000)
  from space 11776K, 99% used [0x00000000e7400000,0x00000000e7f79f38,0x00000000e7f80000)
  to   space 13824K, 0% used [0x00000000ec580000,0x00000000ec580000,0x00000000ed300000)
 ParOldGen       total 155648K, used 47120K [0x0000000081600000, 0x000000008ae00000, 0x00000000d5d00000)
  object space 155648K, 30% used [0x0000000081600000,0x0000000084404288,0x000000008ae00000)
 Metaspace       used 40483K, capacity 44881K, committed 45016K, reserved 1089536K
  class space    used 4549K, capacity 5965K, committed 6016K, reserved 1048576K
}
Event: 7.867 GC heap before
{Heap before GC invocations=14 (full 3):
 PSYoungGen      total 297472K, used 11751K [0x00000000d5d00000, 0x00000000ed300000, 0x0000000100000000)
  eden space 285696K, 0% used [0x00000000d5d00000,0x00000000d5d00000,0x00000000e7400000)
  from space 11776K, 99% used [0x00000000e7400000,0x00000000e7f79f38,0x00000000e7f80000)
  to   space 13824K, 0% used [0x00000000ec580000,0x00000000ec580000,0x00000000ed300000)
 ParOldGen       total 155648K, used 47120K [0x0000000081600000, 0x000000008ae00000, 0x00000000d5d00000)
  object space 155648K, 30% used [0x0000000081600000,0x0000000084404288,0x000000008ae00000)
 Metaspace       used 40483K, capacity 44881K, committed 45016K, reserved 1089536K
  class space    used 4549K, capacity 5965K, committed 6016K, reserved 1048576K
Event: 8.024 GC heap after
Heap after GC invocations=14 (full 3):
 PSYoungGen      total 297472K, used 0K [0x00000000d5d00000, 0x00000000ed300000, 0x0000000100000000)
  eden space 285696K, 0% used [0x00000000d5d00000,0x00000000d5d00000,0x00000000e7400000)
  from space 11776K, 0% used [0x00000000e7400000,0x00000000e7400000,0x00000000e7f80000)
  to   space 13824K, 0% used [0x00000000ec580000,0x00000000ec580000,0x00000000ed300000)
 ParOldGen       total 187904K, used 56085K [0x0000000081600000, 0x000000008cd80000, 0x00000000d5d00000)
  object space 187904K, 29% used [0x0000000081600000,0x0000000084cc5598,0x000000008cd80000)
 Metaspace       used 40483K, capacity 44881K, committed 45016K, reserved 1089536K
  class space    used 4549K, capacity 5965K, committed 6016K, reserved 1048576K
}
Event: 9.234 GC heap before
{Heap before GC invocations=15 (full 3):
 PSYoungGen      total 297472K, used 285696K [0x00000000d5d00000, 0x00000000ed300000, 0x0000000100000000)
  eden space 285696K, 100% used [0x00000000d5d00000,0x00000000e7400000,0x00000000e7400000)
  from space 11776K, 0% used [0x00000000e7400000,0x00000000e7400000,0x00000000e7f80000)
  to   space 13824K, 0% used [0x00000000ec580000,0x00000000ec580000,0x00000000ed300000)
 ParOldGen       total 187904K, used 56085K [0x0000000081600000, 0x000000008cd80000, 0x00000000d5d00000)
  object space 187904K, 29% used [0x0000000081600000,0x0000000084cc5598,0x000000008cd80000)
 Metaspace       used 47107K, capacity 52786K, committed 52992K, reserved 1095680K
  class space    used 5615K, capacity 7350K, committed 7424K, reserved 1048576K
Event: 9.252 GC heap after
Heap after GC invocations=15 (full 3):
 PSYoungGen      total 355328K, used 9302K [0x00000000d5d00000, 0x00000000ecf00000, 0x0000000100000000)
  eden space 345600K, 0% used [0x00000000d5d00000,0x00000000d5d00000,0x00000000eae80000)
  from space 9728K, 95% used [0x00000000ec580000,0x00000000ece95968,0x00000000ecf00000)
  to   space 13824K, 0% used [0x00000000eb400000,0x00000000eb400000,0x00000000ec180000)
 ParOldGen       total 187904K, used 56093K [0x0000000081600000, 0x000000008cd80000, 0x00000000d5d00000)
  object space 187904K, 29% used [0x0000000081600000,0x0000000084cc7598,0x000000008cd80000)
 Metaspace       used 47107K, capacity 52786K, committed 52992K, reserved 1095680K
  class space    used 5615K, capacity 7350K, committed 7424K, reserved 1048576K
}
Event: 10.943 GC heap before
{Heap before GC invocations=16 (full 3):
 PSYoungGen      total 355328K, used 354902K [0x00000000d5d00000, 0x00000000ecf00000, 0x0000000100000000)
  eden space 345600K, 100% used [0x00000000d5d00000,0x00000000eae80000,0x00000000eae80000)
  from space 9728K, 95% used [0x00000000ec580000,0x00000000ece95968,0x00000000ecf00000)
  to   space 13824K, 0% used [0x00000000eb400000,0x00000000eb400000,0x00000000ec180000)
 ParOldGen       total 187904K, used 56093K [0x0000000081600000, 0x000000008cd80000, 0x00000000d5d00000)
  object space 187904K, 29% used [0x0000000081600000,0x0000000084cc7598,0x000000008cd80000)
 Metaspace       used 56719K, capacity 64354K, committed 64512K, reserved 1103872K
  class space    used 6896K, capacity 9206K, committed 9216K, reserved 1048576K
Event: 10.977 GC heap after
Heap after GC invocations=16 (full 3):
 PSYoungGen      total 365056K, used 13823K [0x00000000d5d00000, 0x00000000f1480000, 0x0000000100000000)
  eden space 351232K, 0% used [0x00000000d5d00000,0x00000000d5d00000,0x00000000eb400000)
  from space 13824K, 99% used [0x00000000eb400000,0x00000000ec17fce0,0x00000000ec180000)
  to   space 16896K, 0% used [0x00000000f0400000,0x00000000f0400000,0x00000000f1480000)
 ParOldGen       total 187904K, used 60565K [0x0000000081600000, 0x000000008cd80000, 0x00000000d5d00000)
  object space 187904K, 32% used [0x0000000081600000,0x0000000085125618,0x000000008cd80000)
 Metaspace       used 56719K, capacity 64354K, committed 64512K, reserved 1103872K
  class space    used 6896K, capacity 9206K, committed 9216K, reserved 1048576K
}

