# JRE version: Java(TM) SE Runtime Environment (8.0_151-b12) (build 1.8.0_151-b12)
# Java VM: Java HotSpot(TM) 64-Bit Server VM (25.151-b12 mixed mode windows-amd64 compressed oops)
Heap:
 PSYoungGen      total 374272K, used 374259K [0x00000000d5d00000, 0x00000000f2400000, 0x0000000100000000)
  eden space 360448K, 100% used [0x00000000d5d00000,0x00000000ebd00000,0x00000000ebd00000)
  from space 13824K, 99% used [0x00000000ebd00000,0x00000000eca7cdf0,0x00000000eca80000)
  to   space 17408K, 0% used [0x00000000f1300000,0x00000000f1300000,0x00000000f2400000)
 ParOldGen       total 171520K, used 61706K [0x0000000081600000, 0x000000008bd80000, 0x00000000d5d00000)
  object space 171520K, 35% used [0x0000000081600000,0x0000000085242a38,0x000000008bd80000)
 Metaspace       used 57685K, capacity 66178K, committed 66224K, reserved 1105920K
  class space    used 6941K, capacity 9388K, committed 9392K, reserved 1048576K
GC Heap History (10 events):
Event: 6.999 GC heap before
{Heap before GC invocations=12 (full 2):
 PSYoungGen      total 272384K, used 266438K [0x00000000d5d00000, 0x00000000e8f00000, 0x0000000100000000)
  eden space 261120K, 100% used [0x00000000d5d00000,0x00000000e5c00000,0x00000000e5c00000)
  from space 11264K, 47% used [0x00000000e5c00000,0x00000000e6131bd0,0x00000000e6700000)
  to   space 11264K, 0% used [0x00000000e8400000,0x00000000e8400000,0x00000000e8f00000)
 ParOldGen       total 139776K, used 45217K [0x0000000081600000, 0x0000000089e80000, 0x00000000d5d00000)
  object space 139776K, 32% used [0x0000000081600000,0x00000000842286b8,0x0000000089e80000)
 Metaspace       used 35224K, capacity 38545K, committed 38704K, reserved 1083392K
  class space    used 3844K, capacity 4874K, committed 4912K, reserved 1048576K
Event: 7.016 GC heap after
Heap after GC invocations=12 (full 2):
 PSYoungGen      total 301056K, used 10866K [0x00000000d5d00000, 0x00000000eb400000, 0x0000000100000000)
  eden space 289792K, 0% used [0x00000000d5d00000,0x00000000d5d00000,0x00000000e7800000)
  from space 11264K, 96% used [0x00000000e8400000,0x00000000e8e9cbd8,0x00000000e8f00000)
  to   space 12288K, 0% used [0x00000000e7800000,0x00000000e7800000,0x00000000e8400000)
 ParOldGen       total 139776K, used 45225K [0x0000000081600000, 0x0000000089e80000, 0x00000000d5d00000)
  object space 139776K, 32% used [0x0000000081600000,0x000000008422a6b8,0x0000000089e80000)
 Metaspace       used 35224K, capacity 38545K, committed 38704K, reserved 1083392K
  class space    used 3844K, capacity 4874K, committed 4912K, reserved 1048576K
}
Event: 7.823 GC heap before
{Heap before GC invocations=13 (full 2):
 PSYoungGen      total 301056K, used 178259K [0x00000000d5d00000, 0x00000000eb400000, 0x0000000100000000)
  eden space 289792K, 57% used [0x00000000d5d00000,0x00000000e0078188,0x00000000e7800000)
  from space 11264K, 96% used [0x00000000e8400000,0x00000000e8e9cbd8,0x00000000e8f00000)
  to   space 12288K, 0% used [0x00000000e7800000,0x00000000e7800000,0x00000000e8400000)
 ParOldGen       total 139776K, used 45225K [0x0000000081600000, 0x0000000089e80000, 0x00000000d5d00000)
  object space 139776K, 32% used [0x0000000081600000,0x000000008422a6b8,0x0000000089e80000)
 Metaspace       used 40211K, capacity 44555K, committed 44668K, reserved 1087488K
  class space    used 4503K, capacity 5882K, committed 5936K, reserved 1048576K
Event: 7.853 GC heap after
Heap after GC invocations=13 (full 2):
 PSYoungGen      total 302080K, used 12287K [0x00000000d5d00000, 0x00000000edc80000, 0x0000000100000000)
  eden space 289792K, 0% used [0x00000000d5d00000,0x00000000d5d00000,0x00000000e7800000)
  from space 12288K, 99% used [0x00000000e7800000,0x00000000e83ffe78,0x00000000e8400000)
  to   space 14336K, 0% used [0x00000000ece80000,0x00000000ece80000,0x00000000edc80000)
 ParOldGen       total 139776K, used 46706K [0x0000000081600000, 0x0000000089e80000, 0x00000000d5d00000)
  object space 139776K, 33% used [0x0000000081600000,0x000000008439ca58,0x0000000089e80000)
 Metaspace       used 40211K, capacity 44555K, committed 44668K, reserved 1087488K
  class space    used 4503K, capacity 5882K, committed 5936K, reserved 1048576K
}
Event: 7.853 GC heap before
{Heap before GC invocations=14 (full 3):
 PSYoungGen      total 302080K, used 12287K [0x00000000d5d00000, 0x00000000edc80000, 0x0000000100000000)
  eden space 289792K, 0% used [0x00000000d5d00000,0x00000000d5d00000,0x00000000e7800000)
  from space 12288K, 99% used [0x00000000e7800000,0x00000000e83ffe78,0x00000000e8400000)
  to   space 14336K, 0% used [0x00000000ece80000,0x00000000ece80000,0x00000000edc80000)
 ParOldGen       total 139776K, used 46706K [0x0000000081600000, 0x0000000089e80000, 0x00000000d5d00000)
  object space 139776K, 33% used [0x0000000081600000,0x000000008439ca58,0x0000000089e80000)
 Metaspace       used 40211K, capacity 44555K, committed 44668K, reserved 1087488K
  class space    used 4503K, capacity 5882K, committed 5936K, reserved 1048576K
Event: 8.009 GC heap after
Heap after GC invocations=14 (full 3):
 PSYoungGen      total 302080K, used 0K [0x00000000d5d00000, 0x00000000edc80000, 0x0000000100000000)
  eden space 289792K, 0% used [0x00000000d5d00000,0x00000000d5d00000,0x00000000e7800000)
  from space 12288K, 0% used [0x00000000e7800000,0x00000000e7800000,0x00000000e8400000)
  to   space 14336K, 0% used [0x00000000ece80000,0x00000000ece80000,0x00000000edc80000)
 ParOldGen       total 171520K, used 55865K [0x0000000081600000, 0x000000008bd80000, 0x00000000d5d00000)
  object space 171520K, 32% used [0x0000000081600000,0x0000000084c8e6d8,0x000000008bd80000)
 Metaspace       used 40211K, capacity 44555K, committed 44668K, reserved 1087488K
  class space    used 4503K, capacity 5882K, committed 5936K, reserved 1048576K
}
Event: 9.392 GC heap before
{Heap before GC invocations=15 (full 3):
 PSYoungGen      total 302080K, used 289792K [0x00000000d5d00000, 0x00000000edc80000, 0x0000000100000000)
  eden space 289792K, 100% used [0x00000000d5d00000,0x00000000e7800000,0x00000000e7800000)
  from space 12288K, 0% used [0x00000000e7800000,0x00000000e7800000,0x00000000e8400000)
  to   space 14336K, 0% used [0x00000000ece80000,0x00000000ece80000,0x00000000edc80000)
 ParOldGen       total 171520K, used 55865K [0x0000000081600000, 0x000000008bd80000, 0x00000000d5d00000)
  object space 171520K, 32% used [0x0000000081600000,0x0000000084c8e6d8,0x000000008bd80000)
 Metaspace       used 46914K, capacity 52616K, committed 52912K, reserved 1095680K
  class space    used 5575K, capacity 7297K, committed 7344K, reserved 1048576K
Event: 9.409 GC heap after
Heap after GC invocations=15 (full 3):
 PSYoungGen      total 364032K, used 9327K [0x00000000d5d00000, 0x00000000ed800000, 0x0000000100000000)
  eden space 354304K, 0% used [0x00000000d5d00000,0x00000000d5d00000,0x00000000eb700000)
  from space 9728K, 95% used [0x00000000ece80000,0x00000000ed79bd28,0x00000000ed800000)
  to   space 13824K, 0% used [0x00000000ebd00000,0x00000000ebd00000,0x00000000eca80000)
 ParOldGen       total 171520K, used 55873K [0x0000000081600000, 0x000000008bd80000, 0x00000000d5d00000)
  object space 171520K, 32% used [0x0000000081600000,0x0000000084c906d8,0x000000008bd80000)
 Metaspace       used 46914K, capacity 52616K, committed 52912K, reserved 1095680K
  class space    used 5575K, capacity 7297K, committed 7344K, reserved 1048576K
}
Event: 11.351 GC heap before
{Heap before GC invocations=16 (full 3):
 PSYoungGen      total 364032K, used 363631K [0x00000000d5d00000, 0x00000000ed800000, 0x0000000100000000)
  eden space 354304K, 100% used [0x00000000d5d00000,0x00000000eb700000,0x00000000eb700000)
  from space 9728K, 95% used [0x00000000ece80000,0x00000000ed79bd28,0x00000000ed800000)
  to   space 13824K, 0% used [0x00000000ebd00000,0x00000000ebd00000,0x00000000eca80000)
 ParOldGen       total 171520K, used 55873K [0x0000000081600000, 0x000000008bd80000, 0x00000000d5d00000)
  object space 171520K, 32% used [0x0000000081600000,0x0000000084c906d8,0x000000008bd80000)
 Metaspace       used 56682K, capacity 64426K, committed 64560K, reserved 1103872K
  class space    used 6866K, capacity 9193K, committed 9264K, reserved 1048576K
Event: 11.397 GC heap after
Heap after GC invocations=16 (full 3):
 PSYoungGen      total 374272K, used 13811K [0x00000000d5d00000, 0x00000000f2400000, 0x0000000100000000)
  eden space 360448K, 0% used [0x00000000d5d00000,0x00000000d5d00000,0x00000000ebd00000)
  from space 13824K, 99% used [0x00000000ebd00000,0x00000000eca7cdf0,0x00000000eca80000)
  to   space 17408K, 0% used [0x00000000f1300000,0x00000000f1300000,0x00000000f2400000)
 ParOldGen       total 171520K, used 61706K [0x0000000081600000, 0x000000008bd80000, 0x00000000d5d00000)
  object space 171520K, 35% used [0x0000000081600000,0x0000000085242a38,0x000000008bd80000)
 Metaspace       used 56682K, capacity 64426K, committed 64560K, reserved 1103872K
  class space    used 6866K, capacity 9193K, committed 9264K, reserved 1048576K
}

