# JRE version: Java(TM) SE Runtime Environment (8.0_151-b12) (build 1.8.0_151-b12)
# Java VM: Java HotSpot(TM) 64-Bit Server VM (25.151-b12 mixed mode windows-amd64 compressed oops)
Heap:
 PSYoungGen      total 445440K, used 324727K [0x00000000d5d00000, 0x00000000f6e00000, 0x0000000100000000)
  eden space 433152K, 72% used [0x00000000d5d00000,0x00000000e8e20110,0x00000000f0400000)
  from space 12288K, 99% used [0x00000000f0400000,0x00000000f0ffdbc0,0x00000000f1000000)
  to   space 16384K, 0% used [0x00000000f5e00000,0x00000000f5e00000,0x00000000f6e00000)
 ParOldGen       total 165376K, used 64065K [0x0000000081600000, 0x000000008b780000, 0x00000000d5d00000)
  object space 165376K, 38% used [0x0000000081600000,0x0000000085490678,0x000000008b780000)
 Metaspace       used 58509K, capacity 67022K, committed 67120K, reserved 1107968K
  class space    used 7076K, capacity 9514K, committed 9520K, reserved 1048576K
GC Heap History (10 events):
Event: 38.569 GC heap before
{Heap before GC invocations=12 (full 2):
 PSYoungGen      total 271872K, used 266867K [0x00000000d5d00000, 0x00000000ea380000, 0x0000000100000000)
  eden space 260608K, 100% used [0x00000000d5d00000,0x00000000e5b80000,0x00000000e5b80000)
  from space 11264K, 55% used [0x00000000e5b80000,0x00000000e619cc48,0x00000000e6680000)
  to   space 11264K, 0% used [0x00000000e9880000,0x00000000e9880000,0x00000000ea380000)
 ParOldGen       total 142336K, used 44902K [0x0000000081600000, 0x000000008a100000, 0x00000000d5d00000)
  object space 142336K, 31% used [0x0000000081600000,0x00000000841d9bc0,0x000000008a100000)
 Metaspace       used 34893K, capacity 38061K, committed 38320K, reserved 1083392K
  class space    used 3778K, capacity 4780K, committed 4784K, reserved 1048576K
Event: 38.585 GC heap after
Heap after GC invocations=12 (full 2):
 PSYoungGen      total 322560K, used 10268K [0x00000000d5d00000, 0x00000000ed880000, 0x0000000100000000)
  eden space 311296K, 0% used [0x00000000d5d00000,0x00000000d5d00000,0x00000000e8d00000)
  from space 11264K, 91% used [0x00000000e9880000,0x00000000ea2873e8,0x00000000ea380000)
  to   space 11776K, 0% used [0x00000000e8d00000,0x00000000e8d00000,0x00000000e9880000)
 ParOldGen       total 142336K, used 44902K [0x0000000081600000, 0x000000008a100000, 0x00000000d5d00000)
  object space 142336K, 31% used [0x0000000081600000,0x00000000841d9bc0,0x000000008a100000)
 Metaspace       used 34893K, capacity 38061K, committed 38320K, reserved 1083392K
  class space    used 3778K, capacity 4780K, committed 4784K, reserved 1048576K
}
Event: 40.448 GC heap before
{Heap before GC invocations=13 (full 2):
 PSYoungGen      total 322560K, used 182591K [0x00000000d5d00000, 0x00000000ed880000, 0x0000000100000000)
  eden space 311296K, 55% used [0x00000000d5d00000,0x00000000e0548898,0x00000000e8d00000)
  from space 11264K, 91% used [0x00000000e9880000,0x00000000ea2873e8,0x00000000ea380000)
  to   space 11776K, 0% used [0x00000000e8d00000,0x00000000e8d00000,0x00000000e9880000)
 ParOldGen       total 142336K, used 44902K [0x0000000081600000, 0x000000008a100000, 0x00000000d5d00000)
  object space 142336K, 31% used [0x0000000081600000,0x00000000841d9bc0,0x000000008a100000)
 Metaspace       used 40176K, capacity 44607K, committed 44668K, reserved 1087488K
  class space    used 4504K, capacity 5882K, committed 5936K, reserved 1048576K
Event: 40.463 GC heap after
Heap after GC invocations=13 (full 2):
 PSYoungGen      total 323072K, used 7303K [0x00000000d5d00000, 0x00000000f1d00000, 0x0000000100000000)
  eden space 311296K, 0% used [0x00000000d5d00000,0x00000000d5d00000,0x00000000e8d00000)
  from space 11776K, 62% used [0x00000000e8d00000,0x00000000e9421c98,0x00000000e9880000)
  to   space 11264K, 0% used [0x00000000f1200000,0x00000000f1200000,0x00000000f1d00000)
 ParOldGen       total 142336K, used 51741K [0x0000000081600000, 0x000000008a100000, 0x00000000d5d00000)
  object space 142336K, 36% used [0x0000000081600000,0x0000000084887748,0x000000008a100000)
 Metaspace       used 40176K, capacity 44607K, committed 44668K, reserved 1087488K
  class space    used 4504K, capacity 5882K, committed 5936K, reserved 1048576K
}
Event: 40.463 GC heap before
{Heap before GC invocations=14 (full 3):
 PSYoungGen      total 323072K, used 7303K [0x00000000d5d00000, 0x00000000f1d00000, 0x0000000100000000)
  eden space 311296K, 0% used [0x00000000d5d00000,0x00000000d5d00000,0x00000000e8d00000)
  from space 11776K, 62% used [0x00000000e8d00000,0x00000000e9421c98,0x00000000e9880000)
  to   space 11264K, 0% used [0x00000000f1200000,0x00000000f1200000,0x00000000f1d00000)
 ParOldGen       total 142336K, used 51741K [0x0000000081600000, 0x000000008a100000, 0x00000000d5d00000)
  object space 142336K, 36% used [0x0000000081600000,0x0000000084887748,0x000000008a100000)
 Metaspace       used 40176K, capacity 44607K, committed 44668K, reserved 1087488K
  class space    used 4504K, capacity 5882K, committed 5936K, reserved 1048576K
Event: 40.632 GC heap after
Heap after GC invocations=14 (full 3):
 PSYoungGen      total 323072K, used 0K [0x00000000d5d00000, 0x00000000f1d00000, 0x0000000100000000)
  eden space 311296K, 0% used [0x00000000d5d00000,0x00000000d5d00000,0x00000000e8d00000)
  from space 11776K, 0% used [0x00000000e8d00000,0x00000000e8d00000,0x00000000e9880000)
  to   space 11264K, 0% used [0x00000000f1200000,0x00000000f1200000,0x00000000f1d00000)
 ParOldGen       total 165376K, used 55668K [0x0000000081600000, 0x000000008b780000, 0x00000000d5d00000)
  object space 165376K, 33% used [0x0000000081600000,0x0000000084c5d3c0,0x000000008b780000)
 Metaspace       used 40176K, capacity 44607K, committed 44668K, reserved 1087488K
  class space    used 4504K, capacity 5882K, committed 5936K, reserved 1048576K
}
Event: 43.973 GC heap before
{Heap before GC invocations=15 (full 3):
 PSYoungGen      total 323072K, used 311296K [0x00000000d5d00000, 0x00000000f1d00000, 0x0000000100000000)
  eden space 311296K, 100% used [0x00000000d5d00000,0x00000000e8d00000,0x00000000e8d00000)
  from space 11776K, 0% used [0x00000000e8d00000,0x00000000e8d00000,0x00000000e9880000)
  to   space 11264K, 0% used [0x00000000f1200000,0x00000000f1200000,0x00000000f1d00000)
 ParOldGen       total 165376K, used 55668K [0x0000000081600000, 0x000000008b780000, 0x00000000d5d00000)
  object space 165376K, 33% used [0x0000000081600000,0x0000000084c5d3c0,0x000000008b780000)
 Metaspace       used 47329K, capacity 53136K, committed 53296K, reserved 1095680K
  class space    used 5666K, capacity 7459K, committed 7472K, reserved 1048576K
Event: 43.988 GC heap after
Heap after GC invocations=15 (full 3):
 PSYoungGen      total 408576K, used 9933K [0x00000000d5d00000, 0x00000000f1c00000, 0x0000000100000000)
  eden space 398336K, 0% used [0x00000000d5d00000,0x00000000d5d00000,0x00000000ee200000)
  from space 10240K, 97% used [0x00000000f1200000,0x00000000f1bb36f0,0x00000000f1c00000)
  to   space 12288K, 0% used [0x00000000f0400000,0x00000000f0400000,0x00000000f1000000)
 ParOldGen       total 165376K, used 55676K [0x0000000081600000, 0x000000008b780000, 0x00000000d5d00000)
  object space 165376K, 33% used [0x0000000081600000,0x0000000084c5f3c0,0x000000008b780000)
 Metaspace       used 47329K, capacity 53136K, committed 53296K, reserved 1095680K
  class space    used 5666K, capacity 7459K, committed 7472K, reserved 1048576K
}
Event: 48.648 GC heap before
{Heap before GC invocations=16 (full 3):
 PSYoungGen      total 408576K, used 408269K [0x00000000d5d00000, 0x00000000f1c00000, 0x0000000100000000)
  eden space 398336K, 100% used [0x00000000d5d00000,0x00000000ee200000,0x00000000ee200000)
  from space 10240K, 97% used [0x00000000f1200000,0x00000000f1bb36f0,0x00000000f1c00000)
  to   space 12288K, 0% used [0x00000000f0400000,0x00000000f0400000,0x00000000f1000000)
 ParOldGen       total 165376K, used 55676K [0x0000000081600000, 0x000000008b780000, 0x00000000d5d00000)
  object space 165376K, 33% used [0x0000000081600000,0x0000000084c5f3c0,0x000000008b780000)
 Metaspace       used 57065K, capacity 64954K, committed 65072K, reserved 1105920K
  class space    used 6886K, capacity 9263K, committed 9264K, reserved 1048576K
Event: 48.677 GC heap after
Heap after GC invocations=16 (full 3):
 PSYoungGen      total 445440K, used 12278K [0x00000000d5d00000, 0x00000000f6e00000, 0x0000000100000000)
  eden space 433152K, 0% used [0x00000000d5d00000,0x00000000d5d00000,0x00000000f0400000)
  from space 12288K, 99% used [0x00000000f0400000,0x00000000f0ffdbc0,0x00000000f1000000)
  to   space 16384K, 0% used [0x00000000f5e00000,0x00000000f5e00000,0x00000000f6e00000)
 ParOldGen       total 165376K, used 64065K [0x0000000081600000, 0x000000008b780000, 0x00000000d5d00000)
  object space 165376K, 38% used [0x0000000081600000,0x0000000085490678,0x000000008b780000)
 Metaspace       used 57065K, capacity 64954K, committed 65072K, reserved 1105920K
  class space    used 6886K, capacity 9263K, committed 9264K, reserved 1048576K
}

