# JRE version: Java(TM) SE Runtime Environment (8.0_151-b12) (build 1.8.0_151-b12)
# Java VM: Java HotSpot(TM) 64-Bit Server VM (25.151-b12 mixed mode windows-amd64 compressed oops)
Heap:
 PSYoungGen      total 424448K, used 155520K [0x00000000d5d00000, 0x00000000f1780000, 0x0000000100000000)
  eden space 408576K, 34% used [0x00000000d5d00000,0x00000000de59b178,0x00000000eec00000)
  from space 15872K, 98% used [0x00000000efd80000,0x00000000f0cc51f8,0x00000000f0d00000)
  to   space 17920K, 0% used [0x00000000eec00000,0x00000000eec00000,0x00000000efd80000)
 ParOldGen       total 173568K, used 67330K [0x0000000081600000, 0x000000008bf80000, 0x00000000d5d00000)
  object space 173568K, 38% used [0x0000000081600000,0x00000000857c0970,0x000000008bf80000)
 Metaspace       used 57496K, capacity 65857K, committed 65880K, reserved 1105920K
  class space    used 6902K, capacity 9298K, committed 9304K, reserved 1048576K
GC Heap History (10 events):
Event: 7.381 GC heap before
{Heap before GC invocations=13 (full 2):
 PSYoungGen      total 292352K, used 175640K [0x00000000d5d00000, 0x00000000ead80000, 0x0000000100000000)
  eden space 284160K, 58% used [0x00000000d5d00000,0x00000000e0089538,0x00000000e7280000)
  from space 8192K, 99% used [0x00000000e7b80000,0x00000000e837cb28,0x00000000e8380000)
  to   space 9216K, 0% used [0x00000000e7280000,0x00000000e7280000,0x00000000e7b80000)
 ParOldGen       total 140288K, used 46149K [0x0000000081600000, 0x0000000089f00000, 0x00000000d5d00000)
  object space 140288K, 32% used [0x0000000081600000,0x0000000084311510,0x0000000089f00000)
 Metaspace       used 39405K, capacity 43604K, committed 43736K, reserved 1087488K
  class space    used 4425K, capacity 5771K, committed 5848K, reserved 1048576K
Event: 7.404 GC heap after
Heap after GC invocations=13 (full 2):
 PSYoungGen      total 293376K, used 9197K [0x00000000d5d00000, 0x00000000ecb00000, 0x0000000100000000)
  eden space 284160K, 0% used [0x00000000d5d00000,0x00000000d5d00000,0x00000000e7280000)
  from space 9216K, 99% used [0x00000000e7280000,0x00000000e7b7b7d8,0x00000000e7b80000)
  to   space 11776K, 0% used [0x00000000ebf80000,0x00000000ebf80000,0x00000000ecb00000)
 ParOldGen       total 140288K, used 50284K [0x0000000081600000, 0x0000000089f00000, 0x00000000d5d00000)
  object space 140288K, 35% used [0x0000000081600000,0x000000008471b090,0x0000000089f00000)
 Metaspace       used 39405K, capacity 43604K, committed 43736K, reserved 1087488K
  class space    used 4425K, capacity 5771K, committed 5848K, reserved 1048576K
}
Event: 7.404 GC heap before
{Heap before GC invocations=14 (full 3):
 PSYoungGen      total 293376K, used 9197K [0x00000000d5d00000, 0x00000000ecb00000, 0x0000000100000000)
  eden space 284160K, 0% used [0x00000000d5d00000,0x00000000d5d00000,0x00000000e7280000)
  from space 9216K, 99% used [0x00000000e7280000,0x00000000e7b7b7d8,0x00000000e7b80000)
  to   space 11776K, 0% used [0x00000000ebf80000,0x00000000ebf80000,0x00000000ecb00000)
 ParOldGen       total 140288K, used 50284K [0x0000000081600000, 0x0000000089f00000, 0x00000000d5d00000)
  object space 140288K, 35% used [0x0000000081600000,0x000000008471b090,0x0000000089f00000)
 Metaspace       used 39405K, capacity 43604K, committed 43736K, reserved 1087488K
  class space    used 4425K, capacity 5771K, committed 5848K, reserved 1048576K
Event: 7.569 GC heap after
Heap after GC invocations=14 (full 3):
 PSYoungGen      total 293376K, used 0K [0x00000000d5d00000, 0x00000000ecb00000, 0x0000000100000000)
  eden space 284160K, 0% used [0x00000000d5d00000,0x00000000d5d00000,0x00000000e7280000)
  from space 9216K, 0% used [0x00000000e7280000,0x00000000e7280000,0x00000000e7b80000)
  to   space 11776K, 0% used [0x00000000ebf80000,0x00000000ebf80000,0x00000000ecb00000)
 ParOldGen       total 173568K, used 54947K [0x0000000081600000, 0x000000008bf80000, 0x00000000d5d00000)
  object space 173568K, 31% used [0x0000000081600000,0x0000000084ba8f10,0x000000008bf80000)
 Metaspace       used 39405K, capacity 43604K, committed 43736K, reserved 1087488K
  class space    used 4425K, capacity 5771K, committed 5848K, reserved 1048576K
}
Event: 8.870 GC heap before
{Heap before GC invocations=15 (full 3):
 PSYoungGen      total 293376K, used 284160K [0x00000000d5d00000, 0x00000000ecb00000, 0x0000000100000000)
  eden space 284160K, 100% used [0x00000000d5d00000,0x00000000e7280000,0x00000000e7280000)
  from space 9216K, 0% used [0x00000000e7280000,0x00000000e7280000,0x00000000e7b80000)
  to   space 11776K, 0% used [0x00000000ebf80000,0x00000000ebf80000,0x00000000ecb00000)
 ParOldGen       total 173568K, used 54947K [0x0000000081600000, 0x000000008bf80000, 0x00000000d5d00000)
  object space 173568K, 31% used [0x0000000081600000,0x0000000084ba8f10,0x000000008bf80000)
 Metaspace       used 46720K, capacity 52335K, committed 52440K, reserved 1093632K
  class space    used 5568K, capacity 7297K, committed 7384K, reserved 1048576K
Event: 8.895 GC heap after
Heap after GC invocations=15 (full 3):
 PSYoungGen      total 353792K, used 10469K [0x00000000d5d00000, 0x00000000eca00000, 0x0000000100000000)
  eden space 343040K, 0% used [0x00000000d5d00000,0x00000000d5d00000,0x00000000eac00000)
  from space 10752K, 97% used [0x00000000ebf80000,0x00000000ec9b94d8,0x00000000eca00000)
  to   space 12288K, 0% used [0x00000000eb200000,0x00000000eb200000,0x00000000ebe00000)
 ParOldGen       total 173568K, used 54955K [0x0000000081600000, 0x000000008bf80000, 0x00000000d5d00000)
  object space 173568K, 31% used [0x0000000081600000,0x0000000084baaf10,0x000000008bf80000)
 Metaspace       used 46720K, capacity 52335K, committed 52440K, reserved 1093632K
  class space    used 5568K, capacity 7297K, committed 7384K, reserved 1048576K
}
Event: 10.475 GC heap before
{Heap before GC invocations=16 (full 3):
 PSYoungGen      total 353792K, used 353509K [0x00000000d5d00000, 0x00000000eca00000, 0x0000000100000000)
  eden space 343040K, 100% used [0x00000000d5d00000,0x00000000eac00000,0x00000000eac00000)
  from space 10752K, 97% used [0x00000000ebf80000,0x00000000ec9b94d8,0x00000000eca00000)
  to   space 12288K, 0% used [0x00000000eb200000,0x00000000eb200000,0x00000000ebe00000)
 ParOldGen       total 173568K, used 54955K [0x0000000081600000, 0x000000008bf80000, 0x00000000d5d00000)
  object space 173568K, 31% used [0x0000000081600000,0x0000000084baaf10,0x000000008bf80000)
 Metaspace       used 55646K, capacity 63173K, committed 63320K, reserved 1103872K
  class space    used 6752K, capacity 9040K, committed 9048K, reserved 1048576K
Event: 10.502 GC heap after
Heap after GC invocations=16 (full 3):
 PSYoungGen      total 361472K, used 12256K [0x00000000d5d00000, 0x00000000f0d00000, 0x0000000100000000)
  eden space 349184K, 0% used [0x00000000d5d00000,0x00000000d5d00000,0x00000000eb200000)
  from space 12288K, 99% used [0x00000000eb200000,0x00000000ebdf8020,0x00000000ebe00000)
  to   space 15872K, 0% used [0x00000000efd80000,0x00000000efd80000,0x00000000f0d00000)
 ParOldGen       total 173568K, used 60941K [0x0000000081600000, 0x000000008bf80000, 0x00000000d5d00000)
  object space 173568K, 35% used [0x0000000081600000,0x00000000851836f8,0x000000008bf80000)
 Metaspace       used 55646K, capacity 63173K, committed 63320K, reserved 1103872K
  class space    used 6752K, capacity 9040K, committed 9048K, reserved 1048576K
}
Event: 11.638 GC heap before
{Heap before GC invocations=17 (full 3):
 PSYoungGen      total 361472K, used 361440K [0x00000000d5d00000, 0x00000000f0d00000, 0x0000000100000000)
  eden space 349184K, 100% used [0x00000000d5d00000,0x00000000eb200000,0x00000000eb200000)
  from space 12288K, 99% used [0x00000000eb200000,0x00000000ebdf8020,0x00000000ebe00000)
  to   space 15872K, 0% used [0x00000000efd80000,0x00000000efd80000,0x00000000f0d00000)
 ParOldGen       total 173568K, used 60941K [0x0000000081600000, 0x000000008bf80000, 0x00000000d5d00000)
  object space 173568K, 35% used [0x0000000081600000,0x00000000851836f8,0x000000008bf80000)
 Metaspace       used 57221K, capacity 65479K, committed 65624K, reserved 1105920K
  class space    used 6885K, capacity 9253K, committed 9304K, reserved 1048576K
Event: 11.661 GC heap after
Heap after GC invocations=17 (full 3):
 PSYoungGen      total 424448K, used 15636K [0x00000000d5d00000, 0x00000000f1780000, 0x0000000100000000)
  eden space 408576K, 0% used [0x00000000d5d00000,0x00000000d5d00000,0x00000000eec00000)
  from space 15872K, 98% used [0x00000000efd80000,0x00000000f0cc51f8,0x00000000f0d00000)
  to   space 17920K, 0% used [0x00000000eec00000,0x00000000eec00000,0x00000000efd80000)
 ParOldGen       total 173568K, used 67330K [0x0000000081600000, 0x000000008bf80000, 0x00000000d5d00000)
  object space 173568K, 38% used [0x0000000081600000,0x00000000857c0970,0x000000008bf80000)
 Metaspace       used 57221K, capacity 65479K, committed 65624K, reserved 1105920K
  class space    used 6885K, capacity 9253K, committed 9304K, reserved 1048576K
}

