# JRE version: Java(TM) SE Runtime Environment (8.0_151-b12) (build 1.8.0_151-b12)
# Java VM: Java HotSpot(TM) 64-Bit Server VM (25.151-b12 mixed mode windows-amd64 compressed oops)
Heap:
 PSYoungGen      total 332288K, used 313704K [0x00000000d5d00000, 0x00000000ee700000, 0x0000000100000000)
  eden space 318976K, 94% used [0x00000000d5d00000,0x00000000e825b3d8,0x00000000e9480000)
  from space 13312K, 99% used [0x00000000e9480000,0x00000000ea17f000,0x00000000ea180000)
  to   space 16384K, 0% used [0x00000000ed700000,0x00000000ed700000,0x00000000ee700000)
 ParOldGen       total 155136K, used 63074K [0x0000000081600000, 0x000000008ad80000, 0x00000000d5d00000)
  object space 155136K, 40% used [0x0000000081600000,0x0000000085398980,0x000000008ad80000)
 Metaspace       used 57856K, capacity 66368K, committed 66600K, reserved 1105920K
  class space    used 6976K, capacity 9417K, committed 9512K, reserved 1048576K
GC Heap History (10 events):
Event: 32.470 GC heap before
{Heap before GC invocations=18 (full 2):
 PSYoungGen      total 214528K, used 32556K [0x00000000d5d00000, 0x00000000e7e80000, 0x0000000100000000)
  eden space 203776K, 12% used [0x00000000d5d00000,0x00000000d760c450,0x00000000e2400000)
  from space 10752K, 64% used [0x00000000e2400000,0x00000000e2abee68,0x00000000e2e80000)
  to   space 11264K, 0% used [0x00000000e7380000,0x00000000e7380000,0x00000000e7e80000)
 ParOldGen       total 135680K, used 48855K [0x0000000081600000, 0x0000000089a80000, 0x00000000d5d00000)
  object space 135680K, 36% used [0x0000000081600000,0x00000000845b5eb0,0x0000000089a80000)
 Metaspace       used 38814K, capacity 43055K, committed 43176K, reserved 1087488K
  class space    used 4374K, capacity 5725K, committed 5800K, reserved 1048576K
Event: 32.477 GC heap after
Heap after GC invocations=18 (full 2):
 PSYoungGen      total 285184K, used 1432K [0x00000000d5d00000, 0x00000000e8000000, 0x0000000100000000)
  eden space 273920K, 0% used [0x00000000d5d00000,0x00000000d5d00000,0x00000000e6880000)
  from space 11264K, 12% used [0x00000000e7380000,0x00000000e74e6110,0x00000000e7e80000)
  to   space 11264K, 0% used [0x00000000e6880000,0x00000000e6880000,0x00000000e7380000)
 ParOldGen       total 135680K, used 53208K [0x0000000081600000, 0x0000000089a80000, 0x00000000d5d00000)
  object space 135680K, 39% used [0x0000000081600000,0x00000000849f62a0,0x0000000089a80000)
 Metaspace       used 38814K, capacity 43055K, committed 43176K, reserved 1087488K
  class space    used 4374K, capacity 5725K, committed 5800K, reserved 1048576K
}
Event: 32.477 GC heap before
{Heap before GC invocations=19 (full 3):
 PSYoungGen      total 285184K, used 1432K [0x00000000d5d00000, 0x00000000e8000000, 0x0000000100000000)
  eden space 273920K, 0% used [0x00000000d5d00000,0x00000000d5d00000,0x00000000e6880000)
  from space 11264K, 12% used [0x00000000e7380000,0x00000000e74e6110,0x00000000e7e80000)
  to   space 11264K, 0% used [0x00000000e6880000,0x00000000e6880000,0x00000000e7380000)
 ParOldGen       total 135680K, used 53208K [0x0000000081600000, 0x0000000089a80000, 0x00000000d5d00000)
  object space 135680K, 39% used [0x0000000081600000,0x00000000849f62a0,0x0000000089a80000)
 Metaspace       used 38814K, capacity 43055K, committed 43176K, reserved 1087488K
  class space    used 4374K, capacity 5725K, committed 5800K, reserved 1048576K
Event: 32.660 GC heap after
Heap after GC invocations=19 (full 3):
 PSYoungGen      total 285184K, used 0K [0x00000000d5d00000, 0x00000000e8000000, 0x0000000100000000)
  eden space 273920K, 0% used [0x00000000d5d00000,0x00000000d5d00000,0x00000000e6880000)
  from space 11264K, 0% used [0x00000000e7380000,0x00000000e7380000,0x00000000e7e80000)
  to   space 11264K, 0% used [0x00000000e6880000,0x00000000e6880000,0x00000000e7380000)
 ParOldGen       total 155136K, used 52466K [0x0000000081600000, 0x000000008ad80000, 0x00000000d5d00000)
  object space 155136K, 33% used [0x0000000081600000,0x000000008493c900,0x000000008ad80000)
 Metaspace       used 38814K, capacity 43055K, committed 43176K, reserved 1087488K
  class space    used 4374K, capacity 5725K, committed 5800K, reserved 1048576K
}
Event: 36.860 GC heap before
{Heap before GC invocations=20 (full 3):
 PSYoungGen      total 285184K, used 273920K [0x00000000d5d00000, 0x00000000e8000000, 0x0000000100000000)
  eden space 273920K, 100% used [0x00000000d5d00000,0x00000000e6880000,0x00000000e6880000)
  from space 11264K, 0% used [0x00000000e7380000,0x00000000e7380000,0x00000000e7e80000)
  to   space 11264K, 0% used [0x00000000e6880000,0x00000000e6880000,0x00000000e7380000)
 ParOldGen       total 155136K, used 52466K [0x0000000081600000, 0x000000008ad80000, 0x00000000d5d00000)
  object space 155136K, 33% used [0x0000000081600000,0x000000008493c900,0x000000008ad80000)
 Metaspace       used 45806K, capacity 51320K, committed 51496K, reserved 1093632K
  class space    used 5489K, capacity 7153K, committed 7208K, reserved 1048576K
Event: 36.877 GC heap after
Heap after GC invocations=20 (full 3):
 PSYoungGen      total 285184K, used 11262K [0x00000000d5d00000, 0x00000000eb080000, 0x0000000100000000)
  eden space 273920K, 0% used [0x00000000d5d00000,0x00000000d5d00000,0x00000000e6880000)
  from space 11264K, 99% used [0x00000000e6880000,0x00000000e737f9d0,0x00000000e7380000)
  to   space 12800K, 0% used [0x00000000ea400000,0x00000000ea400000,0x00000000eb080000)
 ParOldGen       total 155136K, used 52789K [0x0000000081600000, 0x000000008ad80000, 0x00000000d5d00000)
  object space 155136K, 34% used [0x0000000081600000,0x000000008498d728,0x000000008ad80000)
 Metaspace       used 45806K, capacity 51320K, committed 51496K, reserved 1093632K
  class space    used 5489K, capacity 7153K, committed 7208K, reserved 1048576K
}
Event: 41.548 GC heap before
{Heap before GC invocations=21 (full 3):
 PSYoungGen      total 285184K, used 285182K [0x00000000d5d00000, 0x00000000eb080000, 0x0000000100000000)
  eden space 273920K, 100% used [0x00000000d5d00000,0x00000000e6880000,0x00000000e6880000)
  from space 11264K, 99% used [0x00000000e6880000,0x00000000e737f9d0,0x00000000e7380000)
  to   space 12800K, 0% used [0x00000000ea400000,0x00000000ea400000,0x00000000eb080000)
 ParOldGen       total 155136K, used 52789K [0x0000000081600000, 0x000000008ad80000, 0x00000000d5d00000)
  object space 155136K, 34% used [0x0000000081600000,0x000000008498d728,0x000000008ad80000)
 Metaspace       used 52565K, capacity 58798K, committed 59048K, reserved 1099776K
  class space    used 6171K, capacity 8102K, committed 8104K, reserved 1048576K
Event: 41.564 GC heap after
Heap after GC invocations=21 (full 3):
 PSYoungGen      total 329728K, used 7669K [0x00000000d5d00000, 0x00000000eae80000, 0x0000000100000000)
  eden space 318976K, 0% used [0x00000000d5d00000,0x00000000d5d00000,0x00000000e9480000)
  from space 10752K, 71% used [0x00000000ea400000,0x00000000eab7d6a8,0x00000000eae80000)
  to   space 13312K, 0% used [0x00000000e9480000,0x00000000e9480000,0x00000000ea180000)
 ParOldGen       total 155136K, used 59983K [0x0000000081600000, 0x000000008ad80000, 0x00000000d5d00000)
  object space 155136K, 38% used [0x0000000081600000,0x0000000085093fe8,0x000000008ad80000)
 Metaspace       used 52565K, capacity 58798K, committed 59048K, reserved 1099776K
  class space    used 6171K, capacity 8102K, committed 8104K, reserved 1048576K
}
Event: 45.430 GC heap before
{Heap before GC invocations=22 (full 3):
 PSYoungGen      total 329728K, used 326645K [0x00000000d5d00000, 0x00000000eae80000, 0x0000000100000000)
  eden space 318976K, 100% used [0x00000000d5d00000,0x00000000e9480000,0x00000000e9480000)
  from space 10752K, 71% used [0x00000000ea400000,0x00000000eab7d6a8,0x00000000eae80000)
  to   space 13312K, 0% used [0x00000000e9480000,0x00000000e9480000,0x00000000ea180000)
 ParOldGen       total 155136K, used 59983K [0x0000000081600000, 0x000000008ad80000, 0x00000000d5d00000)
  object space 155136K, 38% used [0x0000000081600000,0x0000000085093fe8,0x000000008ad80000)
 Metaspace       used 57431K, capacity 65614K, committed 65704K, reserved 1105920K
  class space    used 6933K, capacity 9325K, committed 9384K, reserved 1048576K
Event: 45.450 GC heap after
Heap after GC invocations=22 (full 3):
 PSYoungGen      total 332288K, used 13308K [0x00000000d5d00000, 0x00000000ee700000, 0x0000000100000000)
  eden space 318976K, 0% used [0x00000000d5d00000,0x00000000d5d00000,0x00000000e9480000)
  from space 13312K, 99% used [0x00000000e9480000,0x00000000ea17f000,0x00000000ea180000)
  to   space 16384K, 0% used [0x00000000ed700000,0x00000000ed700000,0x00000000ee700000)
 ParOldGen       total 155136K, used 63074K [0x0000000081600000, 0x000000008ad80000, 0x00000000d5d00000)
  object space 155136K, 40% used [0x0000000081600000,0x0000000085398980,0x000000008ad80000)
 Metaspace       used 57431K, capacity 65614K, committed 65704K, reserved 1105920K
  class space    used 6933K, capacity 9325K, committed 9384K, reserved 1048576K
}

