# JRE version: Java(TM) SE Runtime Environment (8.0_151-b12) (build 1.8.0_151-b12)
# Java VM: Java HotSpot(TM) 64-Bit Server VM (25.151-b12 mixed mode windows-amd64 compressed oops)
Heap:
 PSYoungGen      total 466432K, used 390689K [0x00000000d5d00000, 0x00000000fa700000, 0x0000000100000000)
  eden space 455680K, 83% used [0x00000000d5d00000,0x00000000ed00d9a8,0x00000000f1a00000)
  from space 10752K, 99% used [0x00000000f1a00000,0x00000000f247abb0,0x00000000f2480000)
  to   space 16384K, 0% used [0x00000000f9700000,0x00000000f9700000,0x00000000fa700000)
 ParOldGen       total 154112K, used 67789K [0x0000000081600000, 0x000000008ac80000, 0x00000000d5d00000)
  object space 154112K, 43% used [0x0000000081600000,0x0000000085833468,0x000000008ac80000)
 Metaspace       used 58075K, capacity 66798K, committed 67032K, reserved 1107968K
  class space    used 6930K, capacity 9403K, committed 9432K, reserved 1048576K
GC Heap History (10 events):
Event: 25.027 GC heap before
{Heap before GC invocations=12 (full 2):
 PSYoungGen      total 272384K, used 271136K [0x00000000d5d00000, 0x00000000eb600000, 0x0000000100000000)
  eden space 264192K, 100% used [0x00000000d5d00000,0x00000000e5f00000,0x00000000e5f00000)
  from space 8192K, 84% used [0x00000000e5f00000,0x00000000e65c8230,0x00000000e6700000)
  to   space 8704K, 0% used [0x00000000ead80000,0x00000000ead80000,0x00000000eb600000)
 ParOldGen       total 135168K, used 44521K [0x0000000081600000, 0x0000000089a00000, 0x00000000d5d00000)
  object space 135168K, 32% used [0x0000000081600000,0x000000008417a5f0,0x0000000089a00000)
 Metaspace       used 34602K, capacity 37743K, committed 37888K, reserved 1083392K
  class space    used 3752K, capacity 4739K, committed 4864K, reserved 1048576K
Event: 25.039 GC heap after
Heap after GC invocations=12 (full 2):
 PSYoungGen      total 343552K, used 8676K [0x00000000d5d00000, 0x00000000ed580000, 0x0000000100000000)
  eden space 334848K, 0% used [0x00000000d5d00000,0x00000000d5d00000,0x00000000ea400000)
  from space 8704K, 99% used [0x00000000ead80000,0x00000000eb5f93d8,0x00000000eb600000)
  to   space 9728K, 0% used [0x00000000ea400000,0x00000000ea400000,0x00000000ead80000)
 ParOldGen       total 135168K, used 46147K [0x0000000081600000, 0x0000000089a00000, 0x00000000d5d00000)
  object space 135168K, 34% used [0x0000000081600000,0x0000000084310cc8,0x0000000089a00000)
 Metaspace       used 34602K, capacity 37743K, committed 37888K, reserved 1083392K
  class space    used 3752K, capacity 4739K, committed 4864K, reserved 1048576K
}
Event: 26.817 GC heap before
{Heap before GC invocations=13 (full 2):
 PSYoungGen      total 343552K, used 166656K [0x00000000d5d00000, 0x00000000ed580000, 0x0000000100000000)
  eden space 334848K, 47% used [0x00000000d5d00000,0x00000000df746f78,0x00000000ea400000)
  from space 8704K, 99% used [0x00000000ead80000,0x00000000eb5f93d8,0x00000000eb600000)
  to   space 9728K, 0% used [0x00000000ea400000,0x00000000ea400000,0x00000000ead80000)
 ParOldGen       total 135168K, used 46147K [0x0000000081600000, 0x0000000089a00000, 0x00000000d5d00000)
  object space 135168K, 34% used [0x0000000081600000,0x0000000084310cc8,0x0000000089a00000)
 Metaspace       used 39408K, capacity 43607K, committed 43736K, reserved 1087488K
  class space    used 4428K, capacity 5770K, committed 5848K, reserved 1048576K
Event: 26.831 GC heap after
Heap after GC invocations=13 (full 2):
 PSYoungGen      total 344576K, used 6398K [0x00000000d5d00000, 0x00000000f2f00000, 0x0000000100000000)
  eden space 334848K, 0% used [0x00000000d5d00000,0x00000000d5d00000,0x00000000ea400000)
  from space 9728K, 65% used [0x00000000ea400000,0x00000000eaa3f9e8,0x00000000ead80000)
  to   space 9728K, 0% used [0x00000000f2580000,0x00000000f2580000,0x00000000f2f00000)
 ParOldGen       total 135168K, used 53122K [0x0000000081600000, 0x0000000089a00000, 0x00000000d5d00000)
  object space 135168K, 39% used [0x0000000081600000,0x00000000849e0ba8,0x0000000089a00000)
 Metaspace       used 39408K, capacity 43607K, committed 43736K, reserved 1087488K
  class space    used 4428K, capacity 5770K, committed 5848K, reserved 1048576K
}
Event: 26.831 GC heap before
{Heap before GC invocations=14 (full 3):
 PSYoungGen      total 344576K, used 6398K [0x00000000d5d00000, 0x00000000f2f00000, 0x0000000100000000)
  eden space 334848K, 0% used [0x00000000d5d00000,0x00000000d5d00000,0x00000000ea400000)
  from space 9728K, 65% used [0x00000000ea400000,0x00000000eaa3f9e8,0x00000000ead80000)
  to   space 9728K, 0% used [0x00000000f2580000,0x00000000f2580000,0x00000000f2f00000)
 ParOldGen       total 135168K, used 53122K [0x0000000081600000, 0x0000000089a00000, 0x00000000d5d00000)
  object space 135168K, 39% used [0x0000000081600000,0x00000000849e0ba8,0x0000000089a00000)
 Metaspace       used 39408K, capacity 43607K, committed 43736K, reserved 1087488K
  class space    used 4428K, capacity 5770K, committed 5848K, reserved 1048576K
Event: 27.014 GC heap after
Heap after GC invocations=14 (full 3):
 PSYoungGen      total 344576K, used 0K [0x00000000d5d00000, 0x00000000f2f00000, 0x0000000100000000)
  eden space 334848K, 0% used [0x00000000d5d00000,0x00000000d5d00000,0x00000000ea400000)
  from space 9728K, 0% used [0x00000000ea400000,0x00000000ea400000,0x00000000ead80000)
  to   space 9728K, 0% used [0x00000000f2580000,0x00000000f2580000,0x00000000f2f00000)
 ParOldGen       total 154112K, used 54843K [0x0000000081600000, 0x000000008ac80000, 0x00000000d5d00000)
  object space 154112K, 35% used [0x0000000081600000,0x0000000084b8ee08,0x000000008ac80000)
 Metaspace       used 39408K, capacity 43607K, committed 43736K, reserved 1087488K
  class space    used 4428K, capacity 5770K, committed 5848K, reserved 1048576K
}
Event: 30.919 GC heap before
{Heap before GC invocations=15 (full 3):
 PSYoungGen      total 344576K, used 334848K [0x00000000d5d00000, 0x00000000f2f00000, 0x0000000100000000)
  eden space 334848K, 100% used [0x00000000d5d00000,0x00000000ea400000,0x00000000ea400000)
  from space 9728K, 0% used [0x00000000ea400000,0x00000000ea400000,0x00000000ead80000)
  to   space 9728K, 0% used [0x00000000f2580000,0x00000000f2580000,0x00000000f2f00000)
 ParOldGen       total 154112K, used 54843K [0x0000000081600000, 0x000000008ac80000, 0x00000000d5d00000)
  object space 154112K, 35% used [0x0000000081600000,0x0000000084b8ee08,0x000000008ac80000)
 Metaspace       used 47312K, capacity 53080K, committed 53336K, reserved 1095680K
  class space    used 5670K, capacity 7459K, committed 7512K, reserved 1048576K
Event: 30.944 GC heap after
Heap after GC invocations=15 (full 3):
 PSYoungGen      total 448512K, used 9706K [0x00000000d5d00000, 0x00000000f2f00000, 0x0000000100000000)
  eden space 438784K, 0% used [0x00000000d5d00000,0x00000000d5d00000,0x00000000f0980000)
  from space 9728K, 99% used [0x00000000f2580000,0x00000000f2efab78,0x00000000f2f00000)
  to   space 10752K, 0% used [0x00000000f1a00000,0x00000000f1a00000,0x00000000f2480000)
 ParOldGen       total 154112K, used 56276K [0x0000000081600000, 0x000000008ac80000, 0x00000000d5d00000)
  object space 154112K, 36% used [0x0000000081600000,0x0000000084cf5300,0x000000008ac80000)
 Metaspace       used 47312K, capacity 53080K, committed 53336K, reserved 1095680K
  class space    used 5670K, capacity 7459K, committed 7512K, reserved 1048576K
}
Event: 36.055 GC heap before
{Heap before GC invocations=16 (full 3):
 PSYoungGen      total 448512K, used 448490K [0x00000000d5d00000, 0x00000000f2f00000, 0x0000000100000000)
  eden space 438784K, 100% used [0x00000000d5d00000,0x00000000f0980000,0x00000000f0980000)
  from space 9728K, 99% used [0x00000000f2580000,0x00000000f2efab78,0x00000000f2f00000)
  to   space 10752K, 0% used [0x00000000f1a00000,0x00000000f1a00000,0x00000000f2480000)
 ParOldGen       total 154112K, used 56276K [0x0000000081600000, 0x000000008ac80000, 0x00000000d5d00000)
  object space 154112K, 36% used [0x0000000081600000,0x0000000084cf5300,0x000000008ac80000)
 Metaspace       used 56885K, capacity 64850K, committed 65112K, reserved 1105920K
  class space    used 6850K, capacity 9205K, committed 9304K, reserved 1048576K
Event: 36.090 GC heap after
Heap after GC invocations=16 (full 3):
 PSYoungGen      total 466432K, used 10730K [0x00000000d5d00000, 0x00000000fa700000, 0x0000000100000000)
  eden space 455680K, 0% used [0x00000000d5d00000,0x00000000d5d00000,0x00000000f1a00000)
  from space 10752K, 99% used [0x00000000f1a00000,0x00000000f247abb0,0x00000000f2480000)
  to   space 16384K, 0% used [0x00000000f9700000,0x00000000f9700000,0x00000000fa700000)
 ParOldGen       total 154112K, used 67789K [0x0000000081600000, 0x000000008ac80000, 0x00000000d5d00000)
  object space 154112K, 43% used [0x0000000081600000,0x0000000085833468,0x000000008ac80000)
 Metaspace       used 56885K, capacity 64850K, committed 65112K, reserved 1105920K
  class space    used 6850K, capacity 9205K, committed 9304K, reserved 1048576K
}

