# JRE version: Java(TM) SE Runtime Environment (8.0_151-b12) (build 1.8.0_151-b12)
# Java VM: Java HotSpot(TM) 64-Bit Server VM (25.151-b12 mixed mode windows-amd64 compressed oops)
Heap:
 PSYoungGen      total 404992K, used 404980K [0x00000000d5d00000, 0x00000000f5a00000, 0x0000000100000000)
  eden space 390656K, 100% used [0x00000000d5d00000,0x00000000eda80000,0x00000000eda80000)
  from space 14336K, 99% used [0x00000000eda80000,0x00000000ee87d130,0x00000000ee880000)
  to   space 18432K, 0% used [0x00000000f4800000,0x00000000f4800000,0x00000000f5a00000)
 ParOldGen       total 172032K, used 62010K [0x0000000081600000, 0x000000008be00000, 0x00000000d5d00000)
  object space 172032K, 36% used [0x0000000081600000,0x000000008528eb08,0x000000008be00000)
 Metaspace       used 57733K, capacity 66244K, committed 66608K, reserved 1105920K
  class space    used 6948K, capacity 9397K, committed 9520K, reserved 1048576K
GC Heap History (10 events):
Event: 17.986 GC heap before
{Heap before GC invocations=12 (full 2):
 PSYoungGen      total 273408K, used 267535K [0x00000000d5d00000, 0x00000000ea580000, 0x0000000100000000)
  eden space 262144K, 100% used [0x00000000d5d00000,0x00000000e5d00000,0x00000000e5d00000)
  from space 11264K, 47% used [0x00000000e5d00000,0x00000000e6243e30,0x00000000e6800000)
  to   space 11264K, 0% used [0x00000000e9a80000,0x00000000e9a80000,0x00000000ea580000)
 ParOldGen       total 146432K, used 45465K [0x0000000081600000, 0x000000008a500000, 0x00000000d5d00000)
  object space 146432K, 31% used [0x0000000081600000,0x0000000084266408,0x000000008a500000)
 Metaspace       used 35543K, capacity 38989K, committed 39088K, reserved 1083392K
  class space    used 3892K, capacity 4972K, committed 5040K, reserved 1048576K
Event: 18.013 GC heap after
Heap after GC invocations=12 (full 2):
 PSYoungGen      total 324096K, used 11231K [0x00000000d5d00000, 0x00000000ebe00000, 0x0000000100000000)
  eden space 312832K, 0% used [0x00000000d5d00000,0x00000000d5d00000,0x00000000e8e80000)
  from space 11264K, 99% used [0x00000000e9a80000,0x00000000ea577e80,0x00000000ea580000)
  to   space 12288K, 0% used [0x00000000e8e80000,0x00000000e8e80000,0x00000000e9a80000)
 ParOldGen       total 146432K, used 45473K [0x0000000081600000, 0x000000008a500000, 0x00000000d5d00000)
  object space 146432K, 31% used [0x0000000081600000,0x0000000084268408,0x000000008a500000)
 Metaspace       used 35543K, capacity 38989K, committed 39088K, reserved 1083392K
  class space    used 3892K, capacity 4972K, committed 5040K, reserved 1048576K
}
Event: 21.960 GC heap before
{Heap before GC invocations=13 (full 2):
 PSYoungGen      total 324096K, used 172942K [0x00000000d5d00000, 0x00000000ebe00000, 0x0000000100000000)
  eden space 312832K, 51% used [0x00000000d5d00000,0x00000000dfaebb50,0x00000000e8e80000)
  from space 11264K, 99% used [0x00000000e9a80000,0x00000000ea577e80,0x00000000ea580000)
  to   space 12288K, 0% used [0x00000000e8e80000,0x00000000e8e80000,0x00000000e9a80000)
 ParOldGen       total 146432K, used 45473K [0x0000000081600000, 0x000000008a500000, 0x00000000d5d00000)
  object space 146432K, 31% used [0x0000000081600000,0x0000000084268408,0x000000008a500000)
 Metaspace       used 40303K, capacity 44611K, committed 44668K, reserved 1087488K
  class space    used 4513K, capacity 5882K, committed 5936K, reserved 1048576K
Event: 21.977 GC heap after
Heap after GC invocations=13 (full 2):
 PSYoungGen      total 325120K, used 12283K [0x00000000d5d00000, 0x00000000ef780000, 0x0000000100000000)
  eden space 312832K, 0% used [0x00000000d5d00000,0x00000000d5d00000,0x00000000e8e80000)
  from space 12288K, 99% used [0x00000000e8e80000,0x00000000e9a7ed10,0x00000000e9a80000)
  to   space 14336K, 0% used [0x00000000ee980000,0x00000000ee980000,0x00000000ef780000)
 ParOldGen       total 146432K, used 46871K [0x0000000081600000, 0x000000008a500000, 0x00000000d5d00000)
  object space 146432K, 32% used [0x0000000081600000,0x00000000843c5e28,0x000000008a500000)
 Metaspace       used 40303K, capacity 44611K, committed 44668K, reserved 1087488K
  class space    used 4513K, capacity 5882K, committed 5936K, reserved 1048576K
}
Event: 21.977 GC heap before
{Heap before GC invocations=14 (full 3):
 PSYoungGen      total 325120K, used 12283K [0x00000000d5d00000, 0x00000000ef780000, 0x0000000100000000)
  eden space 312832K, 0% used [0x00000000d5d00000,0x00000000d5d00000,0x00000000e8e80000)
  from space 12288K, 99% used [0x00000000e8e80000,0x00000000e9a7ed10,0x00000000e9a80000)
  to   space 14336K, 0% used [0x00000000ee980000,0x00000000ee980000,0x00000000ef780000)
 ParOldGen       total 146432K, used 46871K [0x0000000081600000, 0x000000008a500000, 0x00000000d5d00000)
  object space 146432K, 32% used [0x0000000081600000,0x00000000843c5e28,0x000000008a500000)
 Metaspace       used 40303K, capacity 44611K, committed 44668K, reserved 1087488K
  class space    used 4513K, capacity 5882K, committed 5936K, reserved 1048576K
Event: 22.125 GC heap after
Heap after GC invocations=14 (full 3):
 PSYoungGen      total 325120K, used 0K [0x00000000d5d00000, 0x00000000ef780000, 0x0000000100000000)
  eden space 312832K, 0% used [0x00000000d5d00000,0x00000000d5d00000,0x00000000e8e80000)
  from space 12288K, 0% used [0x00000000e8e80000,0x00000000e8e80000,0x00000000e9a80000)
  to   space 14336K, 0% used [0x00000000ee980000,0x00000000ee980000,0x00000000ef780000)
 ParOldGen       total 172032K, used 55859K [0x0000000081600000, 0x000000008be00000, 0x00000000d5d00000)
  object space 172032K, 32% used [0x0000000081600000,0x0000000084c8cd80,0x000000008be00000)
 Metaspace       used 40303K, capacity 44611K, committed 44668K, reserved 1087488K
  class space    used 4513K, capacity 5882K, committed 5936K, reserved 1048576K
}
Event: 26.138 GC heap before
{Heap before GC invocations=15 (full 3):
 PSYoungGen      total 325120K, used 312832K [0x00000000d5d00000, 0x00000000ef780000, 0x0000000100000000)
  eden space 312832K, 100% used [0x00000000d5d00000,0x00000000e8e80000,0x00000000e8e80000)
  from space 12288K, 0% used [0x00000000e8e80000,0x00000000e8e80000,0x00000000e9a80000)
  to   space 14336K, 0% used [0x00000000ee980000,0x00000000ee980000,0x00000000ef780000)
 ParOldGen       total 172032K, used 55859K [0x0000000081600000, 0x000000008be00000, 0x00000000d5d00000)
  object space 172032K, 32% used [0x0000000081600000,0x0000000084c8cd80,0x000000008be00000)
 Metaspace       used 47455K, capacity 53256K, committed 53296K, reserved 1095680K
  class space    used 5675K, capacity 7459K, committed 7472K, reserved 1048576K
Event: 26.152 GC heap after
Heap after GC invocations=15 (full 3):
 PSYoungGen      total 403968K, used 9949K [0x00000000d5d00000, 0x00000000ef680000, 0x0000000100000000)
  eden space 390656K, 0% used [0x00000000d5d00000,0x00000000d5d00000,0x00000000eda80000)
  from space 13312K, 74% used [0x00000000ee980000,0x00000000ef337660,0x00000000ef680000)
  to   space 14336K, 0% used [0x00000000eda80000,0x00000000eda80000,0x00000000ee880000)
 ParOldGen       total 172032K, used 55867K [0x0000000081600000, 0x000000008be00000, 0x00000000d5d00000)
  object space 172032K, 32% used [0x0000000081600000,0x0000000084c8ed80,0x000000008be00000)
 Metaspace       used 47455K, capacity 53256K, committed 53296K, reserved 1095680K
  class space    used 5675K, capacity 7459K, committed 7472K, reserved 1048576K
}
Event: 34.103 GC heap before
{Heap before GC invocations=16 (full 3):
 PSYoungGen      total 403968K, used 400605K [0x00000000d5d00000, 0x00000000ef680000, 0x0000000100000000)
  eden space 390656K, 100% used [0x00000000d5d00000,0x00000000eda80000,0x00000000eda80000)
  from space 13312K, 74% used [0x00000000ee980000,0x00000000ef337660,0x00000000ef680000)
  to   space 14336K, 0% used [0x00000000eda80000,0x00000000eda80000,0x00000000ee880000)
 ParOldGen       total 172032K, used 55867K [0x0000000081600000, 0x000000008be00000, 0x00000000d5d00000)
  object space 172032K, 32% used [0x0000000081600000,0x0000000084c8ed80,0x000000008be00000)
 Metaspace       used 57147K, capacity 65130K, committed 65328K, reserved 1105920K
  class space    used 6891K, capacity 9263K, committed 9264K, reserved 1048576K
Event: 34.181 GC heap after
Heap after GC invocations=16 (full 3):
 PSYoungGen      total 404992K, used 14324K [0x00000000d5d00000, 0x00000000f5a00000, 0x0000000100000000)
  eden space 390656K, 0% used [0x00000000d5d00000,0x00000000d5d00000,0x00000000eda80000)
  from space 14336K, 99% used [0x00000000eda80000,0x00000000ee87d130,0x00000000ee880000)
  to   space 18432K, 0% used [0x00000000f4800000,0x00000000f4800000,0x00000000f5a00000)
 ParOldGen       total 172032K, used 62010K [0x0000000081600000, 0x000000008be00000, 0x00000000d5d00000)
  object space 172032K, 36% used [0x0000000081600000,0x000000008528eb08,0x000000008be00000)
 Metaspace       used 57147K, capacity 65130K, committed 65328K, reserved 1105920K
  class space    used 6891K, capacity 9263K, committed 9264K, reserved 1048576K
}

